2022-01-14 11:29:48.874 [ main ] - [ INFO  ] [ com.epam.reportportal.service.Launch : 123 ] - Rerun: false
2022-01-14 11:29:49.544 [ main ] - [ INFO  ] [ com.epam.bdd.utaf.core.utils.PropertiesReader : 44 ] - Executing scripts for CHROME on LOCAL environment...
2022-01-14 11:29:49.552 [ main ] - [ INFO  ] [ com.epam.bdd.utaf.core.driver.DriverSingleton : 38 ] - Test platform is: CHROME
2022-01-14 11:29:50.296 [ main ] - [ INFO  ] [ io.github.bonigarcia.wdm.WebDriverManager : 587 ] - Using chromedriver 97.0.4692.71 (resolved driver for Chrome 97)
2022-01-14 11:29:50.337 [ main ] - [ INFO  ] [ io.github.bonigarcia.wdm.WebDriverManager : 639 ] - Exporting webdriver.chrome.driver as /Users/samuel_shen/.cache/selenium/chromedriver/mac64/97.0.4692.71/chromedriver
2022-01-14 11:29:50.339 [ main ] - [ INFO  ] [ com.epam.bdd.utaf.core.utils.PropertiesReader : 44 ] - Executing scripts for CHROME on LOCAL environment...
2022-01-14 11:29:55.040 [ main ] - [ INFO  ] [ com.epam.bdd.utaf.core.driver.DriverSingleton : 52 ] - the current platform is CHROME
2022-01-14 11:29:55.196 [ main ] - [ INFO  ] [ com.epam.bdd.utaf.core.runners.UTAFTestRunner : 29 ] - setUp driver chrome
2022-01-14 11:30:00.893 [ main ] - [ INFO  ] [ com.epam.bdd.utaf.web.steps.WebHooks : 30 ] - * Start running scenario: Login github website
2022-01-14 11:30:00.934 [ main ] - [ INFO  ] [ com.epam.bdd.utaf.web.steps.github.SignInSteps : 37 ] - Navigate to github website
2022-01-14 11:30:00.935 [ main ] - [ INFO  ] [ com.epam.bdd.utaf.core.utils.PropertiesReader : 44 ] - Executing scripts for CHROME on LOCAL environment...
2022-01-14 11:30:00.936 [ main ] - [ INFO  ] [ com.epam.bdd.utaf.core.base.WebBasePage : 102 ] - https://github.com
2022-01-14 11:30:04.854 [ main ] - [ INFO  ] [ com.epam.bdd.utaf.web.steps.github.SignInSteps : 44 ] - Click signin icon
2022-01-14 11:30:07.287 [ main ] - [ INFO  ] [ com.epam.bdd.utaf.web.steps.github.SignInSteps : 51 ] - Input email and password
2022-01-14 11:30:07.403 [ main ] - [ INFO  ] [ com.epam.bdd.utaf.core.utils.Utils : 125 ] - Element is visible in 30 seconds on null | [[ChromeDriver: chrome on MAC (619500b15c72f507a4c052d7050599d7)] -> id: password]
2022-01-14 11:30:11.087 [ main ] - [ INFO  ] [ com.epam.bdd.utaf.web.steps.github.SignInSteps : 58 ] - Verify signed in page
2022-01-14 11:30:11.119 [ main ] - [ INFO  ] [ com.epam.bdd.utaf.web.steps.WebHooks : 36 ] - * End scenario: Login github website
2022-01-14 11:30:16.171 [ main ] - [ INFO  ] [ com.epam.bdd.utaf.web.steps.WebHooks : 30 ] - * Start running scenario: Create new repo
2022-01-14 11:30:16.184 [ main ] - [ INFO  ] [ com.epam.bdd.utaf.web.steps.WebHooks : 36 ] - * End scenario: Create new repo
2022-01-14 11:30:16.804 [ main ] - [ INFO  ] [ com.epam.bdd.utaf.web.steps.WebHooks : 58 ] - Screenshot is saved successfully: /Users/samuel_shen/IdeaProjects/utaf-web/./target/screenshots/Create_new_repo_2022-01-14_11-30-16.png
2022-01-14 11:30:17.019 [ main ] - [ INFO  ] [ com.epam.bdd.utaf.core.driver.DriverSingleton : 99 ] - the driver quit
2022-01-14 11:30:17.028 [ main ] - [ INFO  ] [ com.epam.bdd.utaf.core.driver.DriverSingleton : 93 ] - the appium service was stopped
2022-01-14 11:30:17.029 [ main ] - [ INFO  ] [ com.epam.bdd.utaf.core.runners.UTAFTestRunner : 37 ] - Tear down driver chrome
2022-01-14 11:36:10.022 [ main ] - [ INFO  ] [ com.epam.reportportal.service.Launch : 123 ] - Rerun: false
2022-01-14 11:36:10.719 [ main ] - [ INFO  ] [ com.epam.bdd.utaf.core.utils.PropertiesReader : 44 ] - Executing scripts for CHROME on LOCAL environment...
2022-01-14 11:36:10.728 [ main ] - [ INFO  ] [ com.epam.bdd.utaf.core.driver.DriverSingleton : 38 ] - Test platform is: CHROME
2022-01-14 11:36:11.842 [ main ] - [ INFO  ] [ io.github.bonigarcia.wdm.WebDriverManager : 587 ] - Using chromedriver 97.0.4692.71 (resolved driver for Chrome 97)
2022-01-14 11:36:11.877 [ main ] - [ INFO  ] [ io.github.bonigarcia.wdm.WebDriverManager : 639 ] - Exporting webdriver.chrome.driver as /Users/samuel_shen/.cache/selenium/chromedriver/mac64/97.0.4692.71/chromedriver
2022-01-14 11:36:11.880 [ main ] - [ INFO  ] [ com.epam.bdd.utaf.core.utils.PropertiesReader : 44 ] - Executing scripts for CHROME on LOCAL environment...
2022-01-14 11:36:15.359 [ main ] - [ INFO  ] [ com.epam.bdd.utaf.core.driver.DriverSingleton : 52 ] - the current platform is CHROME
2022-01-14 11:36:15.612 [ main ] - [ INFO  ] [ com.epam.bdd.utaf.core.runners.UTAFTestRunner : 29 ] - setUp driver chrome
2022-01-14 11:36:21.249 [ main ] - [ INFO  ] [ com.epam.bdd.utaf.web.steps.WebHooks : 30 ] - * Start running scenario: Login github website
2022-01-14 11:36:21.295 [ main ] - [ INFO  ] [ com.epam.bdd.utaf.web.steps.github.SignInSteps : 37 ] - Navigate to github website
2022-01-14 11:36:21.295 [ main ] - [ INFO  ] [ com.epam.bdd.utaf.core.utils.PropertiesReader : 44 ] - Executing scripts for CHROME on LOCAL environment...
2022-01-14 11:36:21.296 [ main ] - [ INFO  ] [ com.epam.bdd.utaf.core.base.WebBasePage : 102 ] - https://github.com
2022-01-14 11:36:33.127 [ main ] - [ INFO  ] [ com.epam.bdd.utaf.web.steps.github.SignInSteps : 44 ] - Click signin icon
2022-01-14 11:36:35.818 [ main ] - [ INFO  ] [ com.epam.bdd.utaf.web.steps.github.SignInSteps : 51 ] - Input email and password
2022-01-14 11:36:35.965 [ main ] - [ INFO  ] [ com.epam.bdd.utaf.core.utils.Utils : 125 ] - Element is visible in 30 seconds on null | [[ChromeDriver: chrome on MAC (25dd600aee4df537f465d2d46e4afb7f)] -> id: password]
2022-01-14 11:36:39.885 [ main ] - [ INFO  ] [ com.epam.bdd.utaf.web.steps.github.SignInSteps : 58 ] - Verify signed in page
2022-01-14 11:36:39.918 [ main ] - [ INFO  ] [ com.epam.bdd.utaf.web.steps.WebHooks : 36 ] - * End scenario: Login github website
2022-01-14 11:36:44.982 [ main ] - [ INFO  ] [ com.epam.bdd.utaf.web.steps.WebHooks : 30 ] - * Start running scenario: Create new repo
2022-01-14 11:36:44.999 [ main ] - [ INFO  ] [ com.epam.bdd.utaf.web.steps.github.NewRepoSteps : 40 ] - Click new repository button
2022-01-14 11:36:49.357 [ main ] - [ INFO  ] [ com.epam.bdd.utaf.web.steps.github.NewRepoSteps : 55 ] - Input repo name
2022-01-14 11:36:51.750 [ main ] - [ INFO  ] [ com.epam.bdd.utaf.web.steps.github.NewRepoSteps : 67 ] - Input repo description
2022-01-14 11:36:52.973 [ main ] - [ INFO  ] [ com.epam.bdd.utaf.web.steps.github.NewRepoSteps : 74 ] - Set repo permission
2022-01-14 11:36:54.111 [ main ] - [ INFO  ] [ com.epam.bdd.utaf.web.steps.github.NewRepoSteps : 47 ] - Click create repository button to complete the creation
2022-01-14 11:36:57.266 [ main ] - [ INFO  ] [ com.epam.bdd.utaf.web.steps.github.NewRepoSteps : 81 ] - Verify new repo
2022-01-14 11:36:57.311 [ main ] - [ INFO  ] [ com.epam.bdd.utaf.core.utils.Utils : 125 ] - Element is clickable in 30 seconds on null | [[ChromeDriver: chrome on MAC (25dd600aee4df537f465d2d46e4afb7f)] -> xpath: //a[contains(text(), 'Rashida-Rau')]]
2022-01-14 11:36:57.338 [ main ] - [ INFO  ] [ com.epam.bdd.utaf.web.steps.WebHooks : 36 ] - * End scenario: Create new repo
2022-01-14 11:36:57.546 [ main ] - [ INFO  ] [ com.epam.bdd.utaf.core.driver.DriverSingleton : 99 ] - the driver quit
2022-01-14 11:36:57.556 [ main ] - [ INFO  ] [ com.epam.bdd.utaf.core.driver.DriverSingleton : 93 ] - the appium service was stopped
2022-01-14 11:36:57.556 [ main ] - [ INFO  ] [ com.epam.bdd.utaf.core.runners.UTAFTestRunner : 37 ] - Tear down driver chrome
2022-01-14 11:40:15.233 [ main ] - [ INFO  ] [ com.epam.reportportal.service.Launch : 123 ] - Rerun: false
2022-01-14 11:40:16.059 [ main ] - [ INFO  ] [ com.epam.bdd.utaf.core.utils.PropertiesReader : 44 ] - Executing scripts for CHROME on LOCAL environment...
2022-01-14 11:40:16.071 [ main ] - [ INFO  ] [ com.epam.bdd.utaf.core.driver.DriverSingleton : 38 ] - Test platform is: CHROME
2022-01-14 11:40:16.306 [ main ] - [ INFO  ] [ io.github.bonigarcia.wdm.WebDriverManager : 587 ] - Using chromedriver 97.0.4692.71 (resolved driver for Chrome 97)
2022-01-14 11:40:16.342 [ main ] - [ INFO  ] [ io.github.bonigarcia.wdm.WebDriverManager : 639 ] - Exporting webdriver.chrome.driver as /Users/samuel_shen/.cache/selenium/chromedriver/mac64/97.0.4692.71/chromedriver
2022-01-14 11:40:16.344 [ main ] - [ INFO  ] [ com.epam.bdd.utaf.core.utils.PropertiesReader : 44 ] - Executing scripts for CHROME on LOCAL environment...
2022-01-14 11:40:19.387 [ main ] - [ INFO  ] [ com.epam.bdd.utaf.core.driver.DriverSingleton : 52 ] - the current platform is CHROME
2022-01-14 11:40:19.557 [ main ] - [ INFO  ] [ com.epam.bdd.utaf.core.runners.UTAFTestRunner : 29 ] - setUp driver chrome
2022-01-14 11:40:25.271 [ main ] - [ INFO  ] [ com.epam.bdd.utaf.web.steps.WebHooks : 30 ] - * Start running scenario: Login github website
2022-01-14 11:40:25.310 [ main ] - [ INFO  ] [ com.epam.bdd.utaf.web.steps.github.SignInSteps : 37 ] - Navigate to github website
2022-01-14 11:40:25.311 [ main ] - [ INFO  ] [ com.epam.bdd.utaf.core.utils.PropertiesReader : 44 ] - Executing scripts for CHROME on LOCAL environment...
2022-01-14 11:40:25.312 [ main ] - [ INFO  ] [ com.epam.bdd.utaf.core.base.WebBasePage : 102 ] - https://github.com
2022-01-14 11:40:29.104 [ main ] - [ INFO  ] [ com.epam.bdd.utaf.web.steps.github.SignInSteps : 44 ] - Click signin icon
2022-01-14 11:40:31.409 [ main ] - [ INFO  ] [ com.epam.bdd.utaf.web.steps.github.SignInSteps : 51 ] - Input email and password
2022-01-14 11:40:31.515 [ main ] - [ INFO  ] [ com.epam.bdd.utaf.core.utils.Utils : 125 ] - Element is visible in 30 seconds on null | [[ChromeDriver: chrome on MAC (fcd0591f29063d5c3087ba57e395c313)] -> id: password]
2022-01-14 11:40:34.981 [ main ] - [ INFO  ] [ com.epam.bdd.utaf.web.steps.github.SignInSteps : 58 ] - Verify signed in page
2022-01-14 11:40:35.019 [ main ] - [ INFO  ] [ com.epam.bdd.utaf.web.steps.WebHooks : 36 ] - * End scenario: Login github website
2022-01-14 11:40:40.058 [ main ] - [ INFO  ] [ com.epam.bdd.utaf.web.steps.WebHooks : 30 ] - * Start running scenario: Create new repo
2022-01-14 11:40:40.072 [ main ] - [ INFO  ] [ com.epam.bdd.utaf.web.steps.github.NewRepoSteps : 40 ] - Click new repository button
2022-01-14 11:40:42.367 [ main ] - [ INFO  ] [ com.epam.bdd.utaf.web.steps.github.NewRepoSteps : 55 ] - Input repo name
2022-01-14 11:40:44.705 [ main ] - [ INFO  ] [ com.epam.bdd.utaf.web.steps.github.NewRepoSteps : 67 ] - Input repo description
2022-01-14 11:40:45.937 [ main ] - [ INFO  ] [ com.epam.bdd.utaf.web.steps.github.NewRepoSteps : 74 ] - Set repo permission
2022-01-14 11:40:47.070 [ main ] - [ INFO  ] [ com.epam.bdd.utaf.web.steps.github.NewRepoSteps : 47 ] - Click create repository button to complete the creation
2022-01-14 11:40:51.143 [ main ] - [ INFO  ] [ com.epam.bdd.utaf.web.steps.github.NewRepoSteps : 81 ] - Verify new repo
2022-01-14 11:40:51.181 [ main ] - [ INFO  ] [ com.epam.bdd.utaf.core.utils.Utils : 125 ] - Element is clickable in 30 seconds on null | [[ChromeDriver: chrome on MAC (fcd0591f29063d5c3087ba57e395c313)] -> xpath: //a[contains(text(), 'Veronika-Botsford')]]
2022-01-14 11:40:51.207 [ main ] - [ INFO  ] [ com.epam.bdd.utaf.web.steps.WebHooks : 36 ] - * End scenario: Create new repo
2022-01-14 11:40:51.413 [ main ] - [ INFO  ] [ com.epam.bdd.utaf.core.driver.DriverSingleton : 99 ] - the driver quit
2022-01-14 11:40:51.420 [ main ] - [ INFO  ] [ com.epam.bdd.utaf.core.driver.DriverSingleton : 93 ] - the appium service was stopped
2022-01-14 11:40:51.420 [ main ] - [ INFO  ] [ com.epam.bdd.utaf.core.runners.UTAFTestRunner : 37 ] - Tear down driver chrome
2022-01-14 11:54:22.578 [ main ] - [ INFO  ] [ com.epam.reportportal.service.Launch : 123 ] - Rerun: false
2022-01-14 11:54:23.245 [ main ] - [ INFO  ] [ com.epam.bdd.utaf.core.utils.PropertiesReader : 44 ] - Executing scripts for CHROME on LOCAL environment...
2022-01-14 11:54:23.253 [ main ] - [ INFO  ] [ com.epam.bdd.utaf.core.driver.DriverSingleton : 38 ] - Test platform is: CHROME
2022-01-14 11:54:23.450 [ main ] - [ INFO  ] [ io.github.bonigarcia.wdm.WebDriverManager : 587 ] - Using chromedriver 97.0.4692.71 (resolved driver for Chrome 97)
2022-01-14 11:54:23.485 [ main ] - [ INFO  ] [ io.github.bonigarcia.wdm.WebDriverManager : 639 ] - Exporting webdriver.chrome.driver as /Users/samuel_shen/.cache/selenium/chromedriver/mac64/97.0.4692.71/chromedriver
2022-01-14 11:54:23.486 [ main ] - [ INFO  ] [ com.epam.bdd.utaf.core.utils.PropertiesReader : 44 ] - Executing scripts for CHROME on LOCAL environment...
2022-01-14 11:54:27.696 [ main ] - [ INFO  ] [ com.epam.bdd.utaf.core.driver.DriverSingleton : 52 ] - the current platform is CHROME
2022-01-14 11:54:27.842 [ main ] - [ INFO  ] [ com.epam.bdd.utaf.core.runners.UTAFTestRunner : 29 ] - setUp driver chrome
2022-01-14 11:54:33.403 [ main ] - [ INFO  ] [ com.epam.bdd.utaf.web.steps.WebHooks : 30 ] - * Start running scenario: Login github website
2022-01-14 11:54:33.444 [ main ] - [ INFO  ] [ com.epam.bdd.utaf.web.steps.github.SignInSteps : 37 ] - Navigate to github website
2022-01-14 11:54:33.445 [ main ] - [ INFO  ] [ com.epam.bdd.utaf.core.utils.PropertiesReader : 44 ] - Executing scripts for CHROME on LOCAL environment...
2022-01-14 11:54:33.445 [ main ] - [ INFO  ] [ com.epam.bdd.utaf.core.base.WebBasePage : 102 ] - https://github.com
2022-01-14 11:54:36.606 [ main ] - [ INFO  ] [ com.epam.bdd.utaf.web.steps.github.SignInSteps : 44 ] - Click signin icon
2022-01-14 11:54:38.651 [ main ] - [ WARN  ] [ com.epam.bdd.utaf.core.base.WebBasePage : 66 ] - org.openqa.selenium.WebDriverException: java.net.ConnectException: Failed to connect to localhost/[0:0:0:0:0:0:0:1]:35307
Build info: version: '3.141.59', revision: 'e82be7d358', time: '2018-11-14T08:17:03'
System info: host: 'EPCNSZUW0363', ip: 'fe80:0:0:0:e7:587:50c2:f0ab%en0', os.name: 'Mac OS X', os.arch: 'x86_64', os.version: '10.16', java.version: '15.0.1'
Driver info: driver.version: RemoteWebDriver
2022-01-14 11:54:38.669 [ main ] - [ WARN  ] [ com.epam.bdd.utaf.core.base.WebBasePage : 75 ] - org.openqa.selenium.WebDriverException: java.net.ConnectException: Failed to connect to localhost/[0:0:0:0:0:0:0:1]:35307
Build info: version: '3.141.59', revision: 'e82be7d358', time: '2018-11-14T08:17:03'
System info: host: 'EPCNSZUW0363', ip: 'fe80:0:0:0:e7:587:50c2:f0ab%en0', os.name: 'Mac OS X', os.arch: 'x86_64', os.version: '10.16', java.version: '15.0.1'
Driver info: driver.version: RemoteWebDriver
2022-01-14 11:54:38.705 [ main ] - [ INFO  ] [ com.epam.bdd.utaf.web.steps.WebHooks : 36 ] - * End scenario: Login github website
2022-01-14 11:55:57.499 [ main ] - [ INFO  ] [ com.epam.reportportal.service.Launch : 123 ] - Rerun: false
2022-01-14 11:56:03.849 [ main ] - [ INFO  ] [ com.epam.bdd.utaf.web.steps.WebHooks : 30 ] - * Start running scenario: Login github website
2022-01-14 11:56:03.911 [ main ] - [ INFO  ] [ com.epam.bdd.utaf.web.steps.github.SignInSteps : 37 ] - Navigate to github website
2022-01-14 11:56:03.913 [ main ] - [ INFO  ] [ com.epam.bdd.utaf.core.utils.PropertiesReader : 44 ] - Executing scripts for CHROME on LOCAL environment...
2022-01-14 11:56:03.921 [ main ] - [ INFO  ] [ com.epam.bdd.utaf.core.base.WebBasePage : 102 ] - https://github.com
2022-01-14 11:56:03.950 [ main ] - [ INFO  ] [ com.epam.bdd.utaf.web.steps.WebHooks : 36 ] - * End scenario: Login github website
2022-01-14 11:56:04.041 [ main ] - [ INFO  ] [ com.epam.bdd.utaf.web.steps.WebHooks : 30 ] - * Start running scenario: Create new repo
2022-01-14 11:56:04.127 [ main ] - [ INFO  ] [ com.epam.bdd.utaf.web.steps.github.NewRepoSteps : 40 ] - Click new repository button
2022-01-14 11:56:04.135 [ main ] - [ WARN  ] [ com.epam.bdd.utaf.core.base.WebBasePage : 66 ] - java.lang.NullPointerException
2022-01-14 11:56:04.136 [ main ] - [ WARN  ] [ com.epam.bdd.utaf.core.base.WebBasePage : 75 ] - java.lang.NullPointerException: Cannot invoke "org.openqa.selenium.SearchContext.findElement(org.openqa.selenium.By)" because "this.searchContext" is null
2022-01-14 11:56:04.142 [ main ] - [ INFO  ] [ com.epam.bdd.utaf.web.steps.WebHooks : 36 ] - * End scenario: Create new repo
2022-01-14 11:56:04.174 [ main ] - [ INFO  ] [ com.epam.bdd.utaf.core.driver.DriverSingleton : 93 ] - the appium service was stopped
2022-01-14 11:56:04.175 [ main ] - [ INFO  ] [ com.epam.bdd.utaf.core.runners.UTAFTestRunner : 37 ] - Tear down driver chrome
2022-01-14 11:56:25.361 [ main ] - [ INFO  ] [ com.epam.reportportal.service.Launch : 123 ] - Rerun: false
2022-01-14 11:56:26.142 [ main ] - [ INFO  ] [ com.epam.bdd.utaf.core.utils.PropertiesReader : 44 ] - Executing scripts for CHROME on LOCAL environment...
2022-01-14 11:56:26.149 [ main ] - [ INFO  ] [ com.epam.bdd.utaf.core.driver.DriverSingleton : 38 ] - Test platform is: CHROME
2022-01-14 11:56:26.381 [ main ] - [ INFO  ] [ io.github.bonigarcia.wdm.WebDriverManager : 587 ] - Using chromedriver 97.0.4692.71 (resolved driver for Chrome 97)
2022-01-14 11:56:26.415 [ main ] - [ INFO  ] [ io.github.bonigarcia.wdm.WebDriverManager : 639 ] - Exporting webdriver.chrome.driver as /Users/samuel_shen/.cache/selenium/chromedriver/mac64/97.0.4692.71/chromedriver
2022-01-14 11:56:26.418 [ main ] - [ INFO  ] [ com.epam.bdd.utaf.core.utils.PropertiesReader : 44 ] - Executing scripts for CHROME on LOCAL environment...
2022-01-14 11:56:29.161 [ main ] - [ INFO  ] [ com.epam.bdd.utaf.core.driver.DriverSingleton : 52 ] - the current platform is CHROME
2022-01-14 11:56:29.316 [ main ] - [ INFO  ] [ com.epam.bdd.utaf.core.runners.UTAFTestRunner : 29 ] - setUp driver chrome
2022-01-14 11:56:34.882 [ main ] - [ INFO  ] [ com.epam.bdd.utaf.web.steps.WebHooks : 30 ] - * Start running scenario: Login github website
2022-01-14 11:56:34.913 [ main ] - [ INFO  ] [ com.epam.bdd.utaf.web.steps.github.SignInSteps : 37 ] - Navigate to github website
2022-01-14 11:56:34.914 [ main ] - [ INFO  ] [ com.epam.bdd.utaf.core.utils.PropertiesReader : 44 ] - Executing scripts for CHROME on LOCAL environment...
2022-01-14 11:56:34.915 [ main ] - [ INFO  ] [ com.epam.bdd.utaf.core.base.WebBasePage : 102 ] - https://github.com
2022-01-14 11:56:38.386 [ main ] - [ INFO  ] [ com.epam.bdd.utaf.web.steps.github.SignInSteps : 44 ] - Click signin icon
2022-01-14 11:56:40.792 [ main ] - [ INFO  ] [ com.epam.bdd.utaf.web.steps.github.SignInSteps : 51 ] - Input email and password
2022-01-14 11:56:40.935 [ main ] - [ INFO  ] [ com.epam.bdd.utaf.core.utils.Utils : 125 ] - Element is visible in 30 seconds on null | [[ChromeDriver: chrome on MAC (508467bbda75bf1d1dd8dcb45843b386)] -> id: password]
2022-01-14 11:56:45.151 [ main ] - [ INFO  ] [ com.epam.bdd.utaf.web.steps.github.SignInSteps : 58 ] - Verify signed in page
2022-01-14 11:56:45.184 [ main ] - [ INFO  ] [ com.epam.bdd.utaf.web.steps.WebHooks : 36 ] - * End scenario: Login github website
2022-01-14 11:56:50.221 [ main ] - [ INFO  ] [ com.epam.bdd.utaf.web.steps.WebHooks : 30 ] - * Start running scenario: Create new repo
2022-01-14 11:56:50.228 [ main ] - [ INFO  ] [ com.epam.bdd.utaf.web.steps.github.NewRepoSteps : 40 ] - Click new repository button
2022-01-14 11:56:52.551 [ main ] - [ INFO  ] [ com.epam.bdd.utaf.web.steps.github.NewRepoSteps : 55 ] - Input repo name
2022-01-14 11:56:54.669 [ main ] - [ INFO  ] [ com.epam.bdd.utaf.web.steps.github.NewRepoSteps : 67 ] - Input repo description
2022-01-14 11:56:55.877 [ main ] - [ INFO  ] [ com.epam.bdd.utaf.web.steps.github.NewRepoSteps : 74 ] - Set repo permission
2022-01-14 11:56:57.009 [ main ] - [ INFO  ] [ com.epam.bdd.utaf.web.steps.github.NewRepoSteps : 47 ] - Click create repository button to complete the creation
2022-01-14 11:57:00.138 [ main ] - [ INFO  ] [ com.epam.bdd.utaf.web.steps.github.NewRepoSteps : 81 ] - Verify new repo
2022-01-14 11:57:00.185 [ main ] - [ INFO  ] [ com.epam.bdd.utaf.core.utils.Utils : 125 ] - Element is clickable in 30 seconds on null | [[ChromeDriver: chrome on MAC (508467bbda75bf1d1dd8dcb45843b386)] -> xpath: //a[contains(text(), 'Min-Quitzon')]]
2022-01-14 11:57:00.210 [ main ] - [ INFO  ] [ com.epam.bdd.utaf.web.steps.WebHooks : 36 ] - * End scenario: Create new repo
2022-01-14 11:57:00.421 [ main ] - [ INFO  ] [ com.epam.bdd.utaf.core.driver.DriverSingleton : 99 ] - the driver quit
2022-01-14 11:57:00.427 [ main ] - [ INFO  ] [ com.epam.bdd.utaf.core.driver.DriverSingleton : 93 ] - the appium service was stopped
2022-01-14 11:57:00.428 [ main ] - [ INFO  ] [ com.epam.bdd.utaf.core.runners.UTAFTestRunner : 37 ] - Tear down driver chrome
2022-01-14 12:01:53.608 [ main ] - [ INFO  ] [ com.epam.reportportal.service.Launch : 123 ] - Rerun: false
2022-01-14 12:01:54.361 [ main ] - [ INFO  ] [ com.epam.bdd.utaf.core.utils.PropertiesReader : 44 ] - Executing scripts for CHROME on LOCAL environment...
2022-01-14 12:01:54.375 [ main ] - [ INFO  ] [ com.epam.bdd.utaf.core.driver.DriverSingleton : 38 ] - Test platform is: CHROME
2022-01-14 12:01:54.580 [ main ] - [ INFO  ] [ io.github.bonigarcia.wdm.WebDriverManager : 587 ] - Using chromedriver 97.0.4692.71 (resolved driver for Chrome 97)
2022-01-14 12:01:54.619 [ main ] - [ INFO  ] [ io.github.bonigarcia.wdm.WebDriverManager : 639 ] - Exporting webdriver.chrome.driver as /Users/samuel_shen/.cache/selenium/chromedriver/mac64/97.0.4692.71/chromedriver
2022-01-14 12:01:54.621 [ main ] - [ INFO  ] [ com.epam.bdd.utaf.core.utils.PropertiesReader : 44 ] - Executing scripts for CHROME on LOCAL environment...
2022-01-14 12:01:57.483 [ main ] - [ INFO  ] [ com.epam.bdd.utaf.core.driver.DriverSingleton : 52 ] - the current platform is CHROME
2022-01-14 12:01:57.675 [ main ] - [ INFO  ] [ com.epam.bdd.utaf.core.runners.UTAFTestRunner : 29 ] - setUp driver chrome
2022-01-14 12:02:03.245 [ main ] - [ INFO  ] [ com.epam.bdd.utaf.web.steps.WebHooks : 30 ] - * Start running scenario: Login github website
2022-01-14 12:02:03.281 [ main ] - [ INFO  ] [ com.epam.bdd.utaf.web.steps.github.SignInSteps : 37 ] - Navigate to github website
2022-01-14 12:02:03.281 [ main ] - [ INFO  ] [ com.epam.bdd.utaf.core.utils.PropertiesReader : 44 ] - Executing scripts for CHROME on LOCAL environment...
2022-01-14 12:02:03.282 [ main ] - [ INFO  ] [ com.epam.bdd.utaf.core.base.WebBasePage : 43 ] - https://github.com
2022-01-14 12:02:28.701 [ main ] - [ INFO  ] [ com.epam.bdd.utaf.web.steps.github.SignInSteps : 44 ] - Click signin icon
2022-01-14 12:02:40.535 [ main ] - [ INFO  ] [ com.epam.bdd.utaf.web.steps.github.SignInSteps : 51 ] - Input email and password
2022-01-14 12:02:40.632 [ main ] - [ INFO  ] [ com.epam.bdd.utaf.core.utils.Utils : 125 ] - Element is visible in 30 seconds on null | [[ChromeDriver: chrome on MAC (1a4ba53d8973a11500e8ed8fd87407fc)] -> id: password]
2022-01-14 12:02:46.603 [ main ] - [ INFO  ] [ com.epam.bdd.utaf.web.steps.github.SignInSteps : 58 ] - Verify signed in page
2022-01-14 12:02:46.636 [ main ] - [ INFO  ] [ com.epam.bdd.utaf.web.steps.WebHooks : 36 ] - * End scenario: Login github website
2022-01-14 12:02:51.674 [ main ] - [ INFO  ] [ com.epam.bdd.utaf.web.steps.WebHooks : 30 ] - * Start running scenario: Create new repo
2022-01-14 12:02:51.678 [ main ] - [ INFO  ] [ com.epam.bdd.utaf.web.steps.github.NewRepoSteps : 40 ] - Click new repository button
2022-01-14 12:02:56.980 [ main ] - [ INFO  ] [ com.epam.bdd.utaf.web.steps.github.NewRepoSteps : 55 ] - Input repo name
2022-01-14 12:02:59.414 [ main ] - [ INFO  ] [ com.epam.bdd.utaf.web.steps.github.NewRepoSteps : 67 ] - Input repo description
2022-01-14 12:03:00.612 [ main ] - [ INFO  ] [ com.epam.bdd.utaf.web.steps.github.NewRepoSteps : 74 ] - Set repo permission
2022-01-14 12:03:01.727 [ main ] - [ INFO  ] [ com.epam.bdd.utaf.web.steps.github.NewRepoSteps : 47 ] - Click create repository button to complete the creation
2022-01-14 12:03:05.024 [ main ] - [ INFO  ] [ com.epam.bdd.utaf.web.steps.github.NewRepoSteps : 81 ] - Verify new repo
2022-01-14 12:03:05.066 [ main ] - [ INFO  ] [ com.epam.bdd.utaf.core.utils.Utils : 125 ] - Element is clickable in 30 seconds on null | [[ChromeDriver: chrome on MAC (1a4ba53d8973a11500e8ed8fd87407fc)] -> xpath: //a[contains(text(), 'Santiago-Brakus')]]
2022-01-14 12:03:05.088 [ main ] - [ INFO  ] [ com.epam.bdd.utaf.web.steps.WebHooks : 36 ] - * End scenario: Create new repo
2022-01-14 12:03:05.261 [ main ] - [ INFO  ] [ com.epam.bdd.utaf.core.driver.DriverSingleton : 99 ] - the driver quit
2022-01-14 12:03:05.266 [ main ] - [ INFO  ] [ com.epam.bdd.utaf.core.driver.DriverSingleton : 93 ] - the appium service was stopped
2022-01-14 12:03:05.266 [ main ] - [ INFO  ] [ com.epam.bdd.utaf.core.runners.UTAFTestRunner : 37 ] - Tear down driver chrome
2022-01-14 14:37:13.428 [ main ] - [ INFO  ] [ com.epam.reportportal.service.Launch : 123 ] - Rerun: false
2022-01-14 14:37:14.335 [ main ] - [ INFO  ] [ com.epam.bdd.utaf.core.utils.PropertiesReader : 42 ] - Executing scripts for CHROME on LOCAL environment...
2022-01-14 14:37:14.346 [ main ] - [ INFO  ] [ com.epam.bdd.utaf.core.driver.DriverSingleton : 38 ] - Test platform is: CHROME
2022-01-14 14:37:15.110 [ main ] - [ INFO  ] [ io.github.bonigarcia.wdm.WebDriverManager : 587 ] - Using chromedriver 97.0.4692.71 (resolved driver for Chrome 97)
2022-01-14 14:37:15.154 [ main ] - [ INFO  ] [ io.github.bonigarcia.wdm.WebDriverManager : 639 ] - Exporting webdriver.chrome.driver as /Users/samuel_shen/.cache/selenium/chromedriver/mac64/97.0.4692.71/chromedriver
2022-01-14 14:37:15.155 [ main ] - [ INFO  ] [ com.epam.bdd.utaf.core.utils.PropertiesReader : 42 ] - Executing scripts for CHROME on LOCAL environment...
2022-01-14 14:37:18.866 [ main ] - [ INFO  ] [ com.epam.bdd.utaf.core.driver.DriverSingleton : 52 ] - the current platform is CHROME
2022-01-14 14:37:19.087 [ main ] - [ INFO  ] [ com.epam.bdd.utaf.core.runners.UTAFTestRunner : 29 ] - setUp driver chrome
2022-01-14 14:37:24.878 [ main ] - [ INFO  ] [ com.epam.bdd.utaf.web.steps.WebHooks : 30 ] - * Start running scenario: Login github website
2022-01-14 14:37:24.910 [ main ] - [ INFO  ] [ com.epam.bdd.utaf.web.steps.github.SignInSteps : 37 ] - Navigate to github website
2022-01-14 14:37:24.910 [ main ] - [ INFO  ] [ com.epam.bdd.utaf.core.utils.PropertiesReader : 42 ] - Executing scripts for CHROME on LOCAL environment...
2022-01-14 14:37:24.911 [ main ] - [ INFO  ] [ com.epam.bdd.utaf.core.base.WebBasePage : 44 ] - https://github.com
2022-01-14 14:37:29.423 [ main ] - [ INFO  ] [ com.epam.bdd.utaf.web.steps.github.SignInSteps : 44 ] - Click signin icon
2022-01-14 14:37:31.704 [ main ] - [ INFO  ] [ com.epam.bdd.utaf.web.steps.github.SignInSteps : 51 ] - Input email and password
2022-01-14 14:37:31.801 [ main ] - [ INFO  ] [ com.epam.bdd.utaf.core.utils.Utils : 128 ] - Element is visible in 30 seconds on Login Page | [[ChromeDriver: chrome on MAC (4b35881e1249c479b0f7db03a8617879)] -> id: password]
2022-01-14 14:37:35.512 [ main ] - [ INFO  ] [ com.epam.bdd.utaf.web.steps.github.SignInSteps : 58 ] - Verify signed in page
2022-01-14 14:37:35.542 [ main ] - [ INFO  ] [ com.epam.bdd.utaf.web.steps.WebHooks : 36 ] - * End scenario: Login github website
2022-01-14 14:37:40.590 [ main ] - [ INFO  ] [ com.epam.bdd.utaf.web.steps.WebHooks : 30 ] - * Start running scenario: Create new repo
2022-01-14 14:37:40.598 [ main ] - [ INFO  ] [ com.epam.bdd.utaf.web.steps.github.NewRepoSteps : 40 ] - Click new repository button
2022-01-14 14:37:43.006 [ main ] - [ INFO  ] [ com.epam.bdd.utaf.web.steps.github.NewRepoSteps : 55 ] - Input repo name
2022-01-14 14:37:45.209 [ main ] - [ INFO  ] [ com.epam.bdd.utaf.web.steps.github.NewRepoSteps : 67 ] - Input repo description
2022-01-14 14:37:46.408 [ main ] - [ INFO  ] [ com.epam.bdd.utaf.web.steps.github.NewRepoSteps : 74 ] - Set repo permission
2022-01-14 14:37:47.522 [ main ] - [ INFO  ] [ com.epam.bdd.utaf.web.steps.github.NewRepoSteps : 47 ] - Click create repository button to complete the creation
2022-01-14 14:37:50.638 [ main ] - [ INFO  ] [ com.epam.bdd.utaf.web.steps.github.NewRepoSteps : 81 ] - Verify new repo
2022-01-14 14:37:50.680 [ main ] - [ INFO  ] [ com.epam.bdd.utaf.core.utils.Utils : 128 ] - Element is clickable in 30 seconds on New Repository Page | [[ChromeDriver: chrome on MAC (4b35881e1249c479b0f7db03a8617879)] -> xpath: //a[contains(text(), 'Mrs.-Paige-Lueilwitz')]]
2022-01-14 14:37:50.702 [ main ] - [ INFO  ] [ com.epam.bdd.utaf.web.steps.WebHooks : 36 ] - * End scenario: Create new repo
2022-01-14 14:37:50.874 [ main ] - [ INFO  ] [ com.epam.bdd.utaf.core.driver.DriverSingleton : 99 ] - the driver quit
2022-01-14 14:37:50.880 [ main ] - [ INFO  ] [ com.epam.bdd.utaf.core.driver.DriverSingleton : 93 ] - the appium service was stopped
2022-01-14 14:37:50.881 [ main ] - [ INFO  ] [ com.epam.bdd.utaf.core.runners.UTAFTestRunner : 37 ] - Tear down driver chrome
