2022-04-05 15:56:06.520 [ main ] - [ INFO  ] [ com.epam.reportportal.service.Launch : 123 ] - Rerun: false
2022-04-05 15:56:07.209 [ main ] - [ INFO  ] [ com.epam.bdd.utaf.core.utils.PropertiesReader : 42 ] - Executing scripts for CHROME on LOCAL environment...
2022-04-05 15:56:07.216 [ main ] - [ INFO  ] [ com.epam.bdd.utaf.core.driver.DriverSingleton : 38 ] - Test platform is: CHROME
2022-04-05 15:56:07.948 [ main ] - [ INFO  ] [ io.github.bonigarcia.wdm.WebDriverManager : 587 ] - Using chromedriver 100.0.4896.60 (resolved driver for Chrome 100)
2022-04-05 15:56:07.986 [ main ] - [ INFO  ] [ io.github.bonigarcia.wdm.WebDriverManager : 639 ] - Exporting webdriver.chrome.driver as C:\Users\sandy_li\.cache\selenium\chromedriver\win32\100.0.4896.60\chromedriver.exe
2022-04-05 15:56:07.995 [ main ] - [ INFO  ] [ com.epam.bdd.utaf.core.utils.PropertiesReader : 42 ] - Executing scripts for CHROME on LOCAL environment...
2022-04-05 15:56:10.469 [ main ] - [ INFO  ] [ com.epam.bdd.utaf.core.driver.DriverSingleton : 52 ] - the current platform is CHROME
2022-04-05 15:56:10.614 [ main ] - [ INFO  ] [ com.epam.bdd.utaf.core.runners.UTAFTestRunner : 29 ] - setUp driver chrome
2022-04-05 15:56:11.392 [ main ] - [ INFO  ] [ com.epam.bdd.utaf.web.steps.github.SignInSteps : 26 ] - Navigate to yandex website
2022-04-05 15:56:11.393 [ main ] - [ INFO  ] [ com.epam.bdd.utaf.core.utils.PropertiesReader : 42 ] - Executing scripts for CHROME on LOCAL environment...
2022-04-05 15:56:11.393 [ main ] - [ INFO  ] [ com.epam.bdd.utaf.core.base.WebBasePage : 44 ] - https://mail.yandex.com/
2022-04-05 15:56:17.625 [ main ] - [ INFO  ] [ com.epam.bdd.utaf.web.steps.github.SignInSteps : 33 ] - Click signin icon
2022-04-05 15:57:05.026 [ main ] - [ INFO  ] [ com.epam.bdd.utaf.core.driver.DriverSingleton : 100 ] - the driver quit
2022-04-05 15:57:05.029 [ main ] - [ INFO  ] [ com.epam.bdd.utaf.core.driver.DriverSingleton : 93 ] - the appium service was stopped
2022-04-05 15:57:05.030 [ main ] - [ INFO  ] [ com.epam.bdd.utaf.core.runners.UTAFTestRunner : 37 ] - Tear down driver chrome
2022-04-05 15:57:16.304 [ main ] - [ INFO  ] [ com.epam.reportportal.service.Launch : 123 ] - Rerun: false
2022-04-05 15:57:16.974 [ main ] - [ INFO  ] [ com.epam.bdd.utaf.core.utils.PropertiesReader : 42 ] - Executing scripts for CHROME on LOCAL environment...
2022-04-05 15:57:16.981 [ main ] - [ INFO  ] [ com.epam.bdd.utaf.core.driver.DriverSingleton : 38 ] - Test platform is: CHROME
2022-04-05 15:57:17.159 [ main ] - [ INFO  ] [ io.github.bonigarcia.wdm.WebDriverManager : 587 ] - Using chromedriver 100.0.4896.60 (resolved driver for Chrome 100)
2022-04-05 15:57:17.180 [ main ] - [ INFO  ] [ io.github.bonigarcia.wdm.WebDriverManager : 639 ] - Exporting webdriver.chrome.driver as C:\Users\sandy_li\.cache\selenium\chromedriver\win32\100.0.4896.60\chromedriver.exe
2022-04-05 15:57:17.182 [ main ] - [ INFO  ] [ com.epam.bdd.utaf.core.utils.PropertiesReader : 42 ] - Executing scripts for CHROME on LOCAL environment...
2022-04-05 15:57:19.063 [ main ] - [ INFO  ] [ com.epam.bdd.utaf.core.driver.DriverSingleton : 52 ] - the current platform is CHROME
2022-04-05 15:57:19.219 [ main ] - [ INFO  ] [ com.epam.bdd.utaf.core.runners.UTAFTestRunner : 29 ] - setUp driver chrome
2022-04-05 15:57:20.003 [ main ] - [ INFO  ] [ com.epam.bdd.utaf.web.steps.github.SignInSteps : 26 ] - Navigate to yandex website
2022-04-05 15:57:20.003 [ main ] - [ INFO  ] [ com.epam.bdd.utaf.core.utils.PropertiesReader : 42 ] - Executing scripts for CHROME on LOCAL environment...
2022-04-05 15:57:20.004 [ main ] - [ INFO  ] [ com.epam.bdd.utaf.core.base.WebBasePage : 44 ] - https://mail.yandex.com/
2022-04-05 15:57:31.348 [ main ] - [ INFO  ] [ com.epam.bdd.utaf.web.steps.github.SignInSteps : 33 ] - Click signin icon
2022-04-05 15:57:43.029 [ main ] - [ INFO  ] [ com.epam.bdd.utaf.web.steps.github.SignInSteps : 40 ] - Input email first
2022-04-05 15:57:43.135 [ main ] - [ INFO  ] [ com.epam.bdd.utaf.core.utils.Utils : 128 ] - Element is visible in 30 seconds on Login Page | [[ChromeDriver: chrome on WINDOWS (cf3cfc0929be46dd08d8fa6f97a76664)] -> id: passp-field-login]
2022-04-05 15:57:44.142 [ main ] - [ INFO  ] [ com.epam.bdd.utaf.web.steps.github.SignInSteps : 48 ] - Verify signed in page
2022-04-05 15:58:41.802 [ main ] - [ INFO  ] [ com.epam.bdd.utaf.core.driver.DriverSingleton : 100 ] - the driver quit
2022-04-05 15:58:41.806 [ main ] - [ INFO  ] [ com.epam.bdd.utaf.core.driver.DriverSingleton : 93 ] - the appium service was stopped
2022-04-05 15:58:41.806 [ main ] - [ INFO  ] [ com.epam.bdd.utaf.core.runners.UTAFTestRunner : 37 ] - Tear down driver chrome
2022-04-05 16:35:44.591 [ main ] - [ INFO  ] [ com.epam.reportportal.service.Launch : 123 ] - Rerun: false
2022-04-05 16:35:45.322 [ main ] - [ INFO  ] [ com.epam.bdd.utaf.core.utils.PropertiesReader : 42 ] - Executing scripts for CHROME on LOCAL environment...
2022-04-05 16:35:45.330 [ main ] - [ INFO  ] [ com.epam.bdd.utaf.core.driver.DriverSingleton : 38 ] - Test platform is: CHROME
2022-04-05 16:35:45.543 [ main ] - [ INFO  ] [ io.github.bonigarcia.wdm.WebDriverManager : 587 ] - Using chromedriver 100.0.4896.60 (resolved driver for Chrome 100)
2022-04-05 16:35:45.568 [ main ] - [ INFO  ] [ io.github.bonigarcia.wdm.WebDriverManager : 639 ] - Exporting webdriver.chrome.driver as C:\Users\sandy_li\.cache\selenium\chromedriver\win32\100.0.4896.60\chromedriver.exe
2022-04-05 16:35:45.569 [ main ] - [ INFO  ] [ com.epam.bdd.utaf.core.utils.PropertiesReader : 42 ] - Executing scripts for CHROME on LOCAL environment...
2022-04-05 16:35:47.654 [ main ] - [ INFO  ] [ com.epam.bdd.utaf.core.driver.DriverSingleton : 52 ] - the current platform is CHROME
2022-04-05 16:35:48.058 [ main ] - [ INFO  ] [ com.epam.bdd.utaf.core.runners.UTAFTestRunner : 29 ] - setUp driver chrome
2022-04-05 16:35:48.875 [ main ] - [ INFO  ] [ com.epam.bdd.utaf.web.steps.wangyi.SignInSteps : 26 ] - Navigate to yandex website
2022-04-05 16:35:48.875 [ main ] - [ INFO  ] [ com.epam.bdd.utaf.core.utils.PropertiesReader : 42 ] - Executing scripts for CHROME on LOCAL environment...
2022-04-05 16:35:48.876 [ main ] - [ INFO  ] [ com.epam.bdd.utaf.core.base.WebBasePage : 44 ] - https://mail.yandex.com/
2022-04-05 16:35:57.633 [ main ] - [ INFO  ] [ com.epam.bdd.utaf.web.steps.wangyi.SignInSteps : 33 ] - Click signin icon
2022-04-05 16:36:01.438 [ main ] - [ INFO  ] [ com.epam.bdd.utaf.web.steps.wangyi.SignInSteps : 40 ] - Input email first
2022-04-05 16:36:01.542 [ main ] - [ INFO  ] [ com.epam.bdd.utaf.core.utils.Utils : 128 ] - Element is visible in 30 seconds on Login Page | [[ChromeDriver: chrome on WINDOWS (794daf9bc4e5674db64ec299f89b7053)] -> id: passp-field-login]
2022-04-05 16:36:02.618 [ main ] - [ INFO  ] [ com.epam.bdd.utaf.web.steps.wangyi.SignInSteps : 48 ] - Verify signed in page
2022-04-05 16:36:31.793 [ main ] - [ INFO  ] [ com.epam.bdd.utaf.web.steps.wangyi.SignInSteps : 19 ] - click Compose button
2022-04-05 16:36:32.808 [ main ] - [ INFO  ] [ com.epam.bdd.utaf.core.driver.DriverSingleton : 100 ] - the driver quit
2022-04-05 16:36:32.811 [ main ] - [ INFO  ] [ com.epam.bdd.utaf.core.driver.DriverSingleton : 93 ] - the appium service was stopped
2022-04-05 16:36:32.811 [ main ] - [ INFO  ] [ com.epam.bdd.utaf.core.runners.UTAFTestRunner : 37 ] - Tear down driver chrome
2022-04-05 16:38:06.254 [ main ] - [ INFO  ] [ com.epam.reportportal.service.Launch : 123 ] - Rerun: false
2022-04-05 16:38:07.129 [ main ] - [ INFO  ] [ com.epam.bdd.utaf.core.utils.PropertiesReader : 42 ] - Executing scripts for CHROME on LOCAL environment...
2022-04-05 16:38:07.139 [ main ] - [ INFO  ] [ com.epam.bdd.utaf.core.driver.DriverSingleton : 38 ] - Test platform is: CHROME
2022-04-05 16:38:07.376 [ main ] - [ INFO  ] [ io.github.bonigarcia.wdm.WebDriverManager : 587 ] - Using chromedriver 100.0.4896.60 (resolved driver for Chrome 100)
2022-04-05 16:38:07.414 [ main ] - [ INFO  ] [ io.github.bonigarcia.wdm.WebDriverManager : 639 ] - Exporting webdriver.chrome.driver as C:\Users\sandy_li\.cache\selenium\chromedriver\win32\100.0.4896.60\chromedriver.exe
2022-04-05 16:38:07.417 [ main ] - [ INFO  ] [ com.epam.bdd.utaf.core.utils.PropertiesReader : 42 ] - Executing scripts for CHROME on LOCAL environment...
2022-04-05 16:38:09.464 [ main ] - [ INFO  ] [ com.epam.bdd.utaf.core.driver.DriverSingleton : 52 ] - the current platform is CHROME
2022-04-05 16:38:09.624 [ main ] - [ INFO  ] [ com.epam.bdd.utaf.core.runners.UTAFTestRunner : 29 ] - setUp driver chrome
2022-04-05 16:38:10.412 [ main ] - [ INFO  ] [ com.epam.bdd.utaf.web.steps.wangyi.SignInSteps : 26 ] - Navigate to yandex website
2022-04-05 16:38:10.413 [ main ] - [ INFO  ] [ com.epam.bdd.utaf.core.utils.PropertiesReader : 42 ] - Executing scripts for CHROME on LOCAL environment...
2022-04-05 16:38:10.414 [ main ] - [ INFO  ] [ com.epam.bdd.utaf.core.base.WebBasePage : 44 ] - https://mail.yandex.com/
2022-04-05 16:38:16.225 [ main ] - [ INFO  ] [ com.epam.bdd.utaf.web.steps.wangyi.SignInSteps : 33 ] - Click signin icon
2022-04-05 16:38:22.980 [ main ] - [ INFO  ] [ com.epam.bdd.utaf.web.steps.wangyi.SignInSteps : 40 ] - Input email first
2022-04-05 16:38:23.086 [ main ] - [ INFO  ] [ com.epam.bdd.utaf.core.utils.Utils : 128 ] - Element is visible in 30 seconds on Login Page | [[ChromeDriver: chrome on WINDOWS (ed314b94c5f89ec0b8a13e1b37982fc3)] -> id: passp-field-login]
2022-04-05 16:38:24.577 [ main ] - [ INFO  ] [ com.epam.bdd.utaf.web.steps.wangyi.SignInSteps : 48 ] - Verify signed in page
2022-04-05 16:39:04.839 [ main ] - [ INFO  ] [ com.epam.bdd.utaf.web.steps.wangyi.SignInSteps : 19 ] - click Compose button
2022-04-05 16:39:35.818 [ main ] - [ INFO  ] [ com.epam.bdd.utaf.core.driver.DriverSingleton : 100 ] - the driver quit
2022-04-05 16:39:35.822 [ main ] - [ INFO  ] [ com.epam.bdd.utaf.core.driver.DriverSingleton : 93 ] - the appium service was stopped
2022-04-05 16:39:35.823 [ main ] - [ INFO  ] [ com.epam.bdd.utaf.core.runners.UTAFTestRunner : 37 ] - Tear down driver chrome
2022-04-05 17:30:06.300 [ main ] - [ INFO  ] [ com.epam.reportportal.service.Launch : 123 ] - Rerun: false
2022-04-05 17:30:06.977 [ main ] - [ INFO  ] [ com.epam.bdd.utaf.core.utils.PropertiesReader : 42 ] - Executing scripts for CHROME on LOCAL environment...
2022-04-05 17:30:06.984 [ main ] - [ INFO  ] [ com.epam.bdd.utaf.core.driver.DriverSingleton : 38 ] - Test platform is: CHROME
2022-04-05 17:30:07.477 [ main ] - [ INFO  ] [ io.github.bonigarcia.wdm.WebDriverManager : 587 ] - Using chromedriver 100.0.4896.60 (resolved driver for Chrome 100)
2022-04-05 17:30:07.498 [ main ] - [ INFO  ] [ io.github.bonigarcia.wdm.WebDriverManager : 639 ] - Exporting webdriver.chrome.driver as C:\Users\sandy_li\.cache\selenium\chromedriver\win32\100.0.4896.60\chromedriver.exe
2022-04-05 17:30:07.499 [ main ] - [ INFO  ] [ com.epam.bdd.utaf.core.utils.PropertiesReader : 42 ] - Executing scripts for CHROME on LOCAL environment...
2022-04-05 17:30:09.250 [ main ] - [ INFO  ] [ com.epam.bdd.utaf.core.driver.DriverSingleton : 52 ] - the current platform is CHROME
2022-04-05 17:30:09.450 [ main ] - [ INFO  ] [ com.epam.bdd.utaf.core.runners.UTAFTestRunner : 29 ] - setUp driver chrome
2022-04-05 17:30:10.210 [ main ] - [ INFO  ] [ com.epam.bdd.utaf.web.steps.wangyi.SignInSteps : 26 ] - Navigate to yandex website
2022-04-05 17:30:10.210 [ main ] - [ INFO  ] [ com.epam.bdd.utaf.core.utils.PropertiesReader : 42 ] - Executing scripts for CHROME on LOCAL environment...
2022-04-05 17:30:10.211 [ main ] - [ INFO  ] [ com.epam.bdd.utaf.core.base.WebBasePage : 44 ] - https://mail.yandex.com/
2022-04-05 17:30:22.147 [ main ] - [ INFO  ] [ com.epam.bdd.utaf.web.steps.wangyi.SignInSteps : 33 ] - Click signin icon
2022-04-05 17:30:26.287 [ main ] - [ INFO  ] [ com.epam.bdd.utaf.web.steps.wangyi.SignInSteps : 40 ] - Input email first
2022-04-05 17:30:26.388 [ main ] - [ INFO  ] [ com.epam.bdd.utaf.core.utils.Utils : 128 ] - Element is visible in 30 seconds on Login Page | [[ChromeDriver: chrome on WINDOWS (88a361b7ec4e94ef59d41afa5e859aef)] -> id: passp-field-login]
2022-04-05 17:30:27.942 [ main ] - [ INFO  ] [ com.epam.bdd.utaf.web.steps.wangyi.SignInSteps : 48 ] - Verify signed in page
2022-04-05 17:30:57.151 [ main ] - [ INFO  ] [ com.epam.bdd.utaf.web.steps.wangyi.SignInSteps : 25 ] - click Compose button
2022-04-05 17:31:28.021 [ main ] - [ INFO  ] [ com.epam.bdd.utaf.core.driver.DriverSingleton : 100 ] - the driver quit
2022-04-05 17:31:28.025 [ main ] - [ INFO  ] [ com.epam.bdd.utaf.core.driver.DriverSingleton : 93 ] - the appium service was stopped
2022-04-05 17:31:28.025 [ main ] - [ INFO  ] [ com.epam.bdd.utaf.core.runners.UTAFTestRunner : 37 ] - Tear down driver chrome
2022-04-05 17:36:58.112 [ main ] - [ INFO  ] [ com.epam.reportportal.service.Launch : 123 ] - Rerun: false
2022-04-05 17:36:58.829 [ main ] - [ INFO  ] [ com.epam.bdd.utaf.core.utils.PropertiesReader : 42 ] - Executing scripts for CHROME on LOCAL environment...
2022-04-05 17:36:58.836 [ main ] - [ INFO  ] [ com.epam.bdd.utaf.core.driver.DriverSingleton : 38 ] - Test platform is: CHROME
2022-04-05 17:36:59.047 [ main ] - [ INFO  ] [ io.github.bonigarcia.wdm.WebDriverManager : 587 ] - Using chromedriver 100.0.4896.60 (resolved driver for Chrome 100)
2022-04-05 17:36:59.069 [ main ] - [ INFO  ] [ io.github.bonigarcia.wdm.WebDriverManager : 639 ] - Exporting webdriver.chrome.driver as C:\Users\sandy_li\.cache\selenium\chromedriver\win32\100.0.4896.60\chromedriver.exe
2022-04-05 17:36:59.071 [ main ] - [ INFO  ] [ com.epam.bdd.utaf.core.utils.PropertiesReader : 42 ] - Executing scripts for CHROME on LOCAL environment...
2022-04-05 17:37:01.241 [ main ] - [ INFO  ] [ com.epam.bdd.utaf.core.driver.DriverSingleton : 52 ] - the current platform is CHROME
2022-04-05 17:37:01.404 [ main ] - [ INFO  ] [ com.epam.bdd.utaf.core.runners.UTAFTestRunner : 29 ] - setUp driver chrome
2022-04-05 17:37:02.292 [ main ] - [ INFO  ] [ com.epam.bdd.utaf.web.steps.wangyi.SignInSteps : 26 ] - Navigate to yandex website
2022-04-05 17:37:02.293 [ main ] - [ INFO  ] [ com.epam.bdd.utaf.core.utils.PropertiesReader : 42 ] - Executing scripts for CHROME on LOCAL environment...
2022-04-05 17:37:02.294 [ main ] - [ INFO  ] [ com.epam.bdd.utaf.core.base.WebBasePage : 44 ] - https://mail.yandex.com/
2022-04-05 17:38:28.178 [ main ] - [ INFO  ] [ com.epam.bdd.utaf.web.steps.wangyi.SignInSteps : 33 ] - Click signin icon
2022-04-05 17:38:52.786 [ main ] - [ INFO  ] [ com.epam.reportportal.service.Launch : 123 ] - Rerun: false
2022-04-05 17:38:53.504 [ main ] - [ INFO  ] [ com.epam.bdd.utaf.core.utils.PropertiesReader : 42 ] - Executing scripts for CHROME on LOCAL environment...
2022-04-05 17:38:53.510 [ main ] - [ INFO  ] [ com.epam.bdd.utaf.core.driver.DriverSingleton : 38 ] - Test platform is: CHROME
2022-04-05 17:38:53.685 [ main ] - [ INFO  ] [ io.github.bonigarcia.wdm.WebDriverManager : 587 ] - Using chromedriver 100.0.4896.60 (resolved driver for Chrome 100)
2022-04-05 17:38:53.704 [ main ] - [ INFO  ] [ io.github.bonigarcia.wdm.WebDriverManager : 639 ] - Exporting webdriver.chrome.driver as C:\Users\sandy_li\.cache\selenium\chromedriver\win32\100.0.4896.60\chromedriver.exe
2022-04-05 17:38:53.705 [ main ] - [ INFO  ] [ com.epam.bdd.utaf.core.utils.PropertiesReader : 42 ] - Executing scripts for CHROME on LOCAL environment...
2022-04-05 17:38:55.442 [ main ] - [ INFO  ] [ com.epam.bdd.utaf.core.driver.DriverSingleton : 52 ] - the current platform is CHROME
2022-04-05 17:38:55.576 [ main ] - [ INFO  ] [ com.epam.bdd.utaf.core.runners.UTAFTestRunner : 29 ] - setUp driver chrome
2022-04-05 17:38:56.213 [ main ] - [ INFO  ] [ com.epam.bdd.utaf.web.steps.wangyi.SignInSteps : 26 ] - Navigate to yandex website
2022-04-05 17:38:56.214 [ main ] - [ INFO  ] [ com.epam.bdd.utaf.core.utils.PropertiesReader : 42 ] - Executing scripts for CHROME on LOCAL environment...
2022-04-05 17:38:56.214 [ main ] - [ INFO  ] [ com.epam.bdd.utaf.core.base.WebBasePage : 44 ] - https://mail.yandex.com/
2022-04-05 17:39:01.856 [ main ] - [ INFO  ] [ com.epam.bdd.utaf.web.steps.wangyi.SignInSteps : 33 ] - Click signin icon
2022-04-05 17:39:05.616 [ main ] - [ INFO  ] [ com.epam.bdd.utaf.web.steps.wangyi.SignInSteps : 40 ] - Input email first
2022-04-05 17:39:05.728 [ main ] - [ INFO  ] [ com.epam.bdd.utaf.core.utils.Utils : 128 ] - Element is visible in 30 seconds on Login Page | [[ChromeDriver: chrome on WINDOWS (1c7c907e9bf89c7e8a52e91daba4a980)] -> id: passp-field-login]
2022-04-05 17:39:06.692 [ main ] - [ INFO  ] [ com.epam.bdd.utaf.web.steps.wangyi.SignInSteps : 48 ] - Verify signed in page
2022-04-05 17:39:33.846 [ main ] - [ INFO  ] [ com.epam.bdd.utaf.web.steps.wangyi.SignInSteps : 25 ] - click Compose button
2022-04-05 17:39:34.137 [ main ] - [ INFO  ] [ com.epam.bdd.utaf.web.steps.wangyi.SignInSteps : 32 ] - Input email address
2022-04-05 17:39:44.579 [ main ] - [ INFO  ] [ com.epam.bdd.utaf.core.driver.DriverSingleton : 100 ] - the driver quit
2022-04-05 17:39:44.582 [ main ] - [ INFO  ] [ com.epam.bdd.utaf.core.driver.DriverSingleton : 93 ] - the appium service was stopped
2022-04-05 17:39:44.583 [ main ] - [ INFO  ] [ com.epam.bdd.utaf.core.runners.UTAFTestRunner : 37 ] - Tear down driver chrome
2022-04-05 17:41:47.734 [ main ] - [ INFO  ] [ com.epam.reportportal.service.Launch : 123 ] - Rerun: false
2022-04-05 17:41:48.403 [ main ] - [ INFO  ] [ com.epam.bdd.utaf.core.utils.PropertiesReader : 42 ] - Executing scripts for CHROME on LOCAL environment...
2022-04-05 17:41:48.409 [ main ] - [ INFO  ] [ com.epam.bdd.utaf.core.driver.DriverSingleton : 38 ] - Test platform is: CHROME
2022-04-05 17:41:48.595 [ main ] - [ INFO  ] [ io.github.bonigarcia.wdm.WebDriverManager : 587 ] - Using chromedriver 100.0.4896.60 (resolved driver for Chrome 100)
2022-04-05 17:41:48.616 [ main ] - [ INFO  ] [ io.github.bonigarcia.wdm.WebDriverManager : 639 ] - Exporting webdriver.chrome.driver as C:\Users\sandy_li\.cache\selenium\chromedriver\win32\100.0.4896.60\chromedriver.exe
2022-04-05 17:41:48.618 [ main ] - [ INFO  ] [ com.epam.bdd.utaf.core.utils.PropertiesReader : 42 ] - Executing scripts for CHROME on LOCAL environment...
2022-04-05 17:41:50.759 [ main ] - [ INFO  ] [ com.epam.bdd.utaf.core.driver.DriverSingleton : 52 ] - the current platform is CHROME
2022-04-05 17:41:50.915 [ main ] - [ INFO  ] [ com.epam.bdd.utaf.core.runners.UTAFTestRunner : 29 ] - setUp driver chrome
2022-04-05 17:41:51.775 [ main ] - [ INFO  ] [ com.epam.bdd.utaf.web.steps.wangyi.SignInSteps : 26 ] - Navigate to yandex website
2022-04-05 17:41:51.776 [ main ] - [ INFO  ] [ com.epam.bdd.utaf.core.utils.PropertiesReader : 42 ] - Executing scripts for CHROME on LOCAL environment...
2022-04-05 17:41:51.777 [ main ] - [ INFO  ] [ com.epam.bdd.utaf.core.base.WebBasePage : 44 ] - https://mail.yandex.com/
2022-04-05 17:42:02.535 [ main ] - [ INFO  ] [ com.epam.bdd.utaf.web.steps.wangyi.SignInSteps : 33 ] - Click signin icon
2022-04-05 17:42:08.465 [ main ] - [ INFO  ] [ com.epam.bdd.utaf.web.steps.wangyi.SignInSteps : 40 ] - Input email first
2022-04-05 17:42:08.572 [ main ] - [ INFO  ] [ com.epam.bdd.utaf.core.utils.Utils : 128 ] - Element is visible in 30 seconds on Login Page | [[ChromeDriver: chrome on WINDOWS (629f718e318ae58007ea21704b1a025f)] -> id: passp-field-login]
2022-04-05 17:42:09.617 [ main ] - [ INFO  ] [ com.epam.bdd.utaf.web.steps.wangyi.SignInSteps : 48 ] - Verify signed in page
2022-04-05 17:42:37.220 [ main ] - [ INFO  ] [ com.epam.bdd.utaf.web.steps.wangyi.SignInSteps : 25 ] - click Compose button
2022-04-05 17:42:37.515 [ main ] - [ INFO  ] [ com.epam.bdd.utaf.web.steps.wangyi.SignInSteps : 32 ] - Input email address
2022-04-05 17:42:50.364 [ main ] - [ INFO  ] [ com.epam.bdd.utaf.web.steps.wangyi.SignInSteps : 38 ] - Input email subject
2022-04-05 17:42:50.489 [ main ] - [ INFO  ] [ com.epam.bdd.utaf.web.steps.wangyi.SignInSteps : 43 ] - Input email text
2022-04-05 17:42:50.672 [ main ] - [ INFO  ] [ com.epam.bdd.utaf.web.steps.wangyi.SignInSteps : 48 ] - I click close button
2022-04-05 17:42:51.551 [ main ] - [ INFO  ] [ com.epam.bdd.utaf.core.driver.DriverSingleton : 100 ] - the driver quit
2022-04-05 17:42:51.555 [ main ] - [ INFO  ] [ com.epam.bdd.utaf.core.driver.DriverSingleton : 93 ] - the appium service was stopped
2022-04-05 17:42:51.555 [ main ] - [ INFO  ] [ com.epam.bdd.utaf.core.runners.UTAFTestRunner : 37 ] - Tear down driver chrome
2022-04-05 17:44:51.053 [ main ] - [ INFO  ] [ com.epam.reportportal.service.Launch : 123 ] - Rerun: false
2022-04-05 17:44:51.800 [ main ] - [ INFO  ] [ com.epam.bdd.utaf.core.utils.PropertiesReader : 42 ] - Executing scripts for CHROME on LOCAL environment...
2022-04-05 17:44:51.807 [ main ] - [ INFO  ] [ com.epam.bdd.utaf.core.driver.DriverSingleton : 38 ] - Test platform is: CHROME
2022-04-05 17:44:52.026 [ main ] - [ INFO  ] [ io.github.bonigarcia.wdm.WebDriverManager : 587 ] - Using chromedriver 100.0.4896.60 (resolved driver for Chrome 100)
2022-04-05 17:44:52.048 [ main ] - [ INFO  ] [ io.github.bonigarcia.wdm.WebDriverManager : 639 ] - Exporting webdriver.chrome.driver as C:\Users\sandy_li\.cache\selenium\chromedriver\win32\100.0.4896.60\chromedriver.exe
2022-04-05 17:44:52.050 [ main ] - [ INFO  ] [ com.epam.bdd.utaf.core.utils.PropertiesReader : 42 ] - Executing scripts for CHROME on LOCAL environment...
2022-04-05 17:44:53.879 [ main ] - [ INFO  ] [ com.epam.bdd.utaf.core.driver.DriverSingleton : 52 ] - the current platform is CHROME
2022-04-05 17:44:54.023 [ main ] - [ INFO  ] [ com.epam.bdd.utaf.core.runners.UTAFTestRunner : 29 ] - setUp driver chrome
2022-04-05 17:44:54.837 [ main ] - [ INFO  ] [ com.epam.bdd.utaf.web.steps.wangyi.SignInSteps : 26 ] - Navigate to yandex website
2022-04-05 17:44:54.837 [ main ] - [ INFO  ] [ com.epam.bdd.utaf.core.utils.PropertiesReader : 42 ] - Executing scripts for CHROME on LOCAL environment...
2022-04-05 17:44:54.838 [ main ] - [ INFO  ] [ com.epam.bdd.utaf.core.base.WebBasePage : 44 ] - https://mail.yandex.com/
2022-04-05 17:44:58.338 [ main ] - [ INFO  ] [ com.epam.bdd.utaf.web.steps.wangyi.SignInSteps : 33 ] - Click signin icon
2022-04-05 17:45:02.319 [ main ] - [ INFO  ] [ com.epam.bdd.utaf.web.steps.wangyi.SignInSteps : 40 ] - Input email first
2022-04-05 17:45:02.489 [ main ] - [ INFO  ] [ com.epam.bdd.utaf.core.utils.Utils : 128 ] - Element is visible in 30 seconds on Login Page | [[ChromeDriver: chrome on WINDOWS (8a05e8f7e4e2801e388f8e9b0aac40af)] -> id: passp-field-login]
2022-04-05 17:45:03.810 [ main ] - [ INFO  ] [ com.epam.bdd.utaf.web.steps.wangyi.SignInSteps : 48 ] - Verify signed in page
2022-04-05 17:45:32.028 [ main ] - [ INFO  ] [ com.epam.bdd.utaf.web.steps.wangyi.SignInSteps : 25 ] - click Compose button
2022-04-05 17:45:32.338 [ main ] - [ INFO  ] [ com.epam.bdd.utaf.web.steps.wangyi.SignInSteps : 32 ] - Input email address
2022-04-05 17:45:40.404 [ main ] - [ INFO  ] [ com.epam.bdd.utaf.web.steps.wangyi.SignInSteps : 38 ] - Input email subject
2022-04-05 17:45:40.527 [ main ] - [ INFO  ] [ com.epam.bdd.utaf.web.steps.wangyi.SignInSteps : 43 ] - Input email text
2022-04-05 17:45:40.698 [ main ] - [ INFO  ] [ com.epam.bdd.utaf.web.steps.wangyi.SignInSteps : 48 ] - I click close button
2022-04-05 17:45:41.516 [ main ] - [ INFO  ] [ com.epam.bdd.utaf.core.driver.DriverSingleton : 100 ] - the driver quit
2022-04-05 17:45:41.520 [ main ] - [ INFO  ] [ com.epam.bdd.utaf.core.driver.DriverSingleton : 93 ] - the appium service was stopped
2022-04-05 17:45:41.520 [ main ] - [ INFO  ] [ com.epam.bdd.utaf.core.runners.UTAFTestRunner : 37 ] - Tear down driver chrome
2022-04-05 21:13:20.556 [ main ] - [ INFO  ] [ com.epam.reportportal.service.Launch : 123 ] - Rerun: false
2022-04-05 21:13:21.475 [ main ] - [ INFO  ] [ com.epam.bdd.utaf.core.utils.PropertiesReader : 42 ] - Executing scripts for CHROME on LOCAL environment...
2022-04-05 21:13:21.484 [ main ] - [ INFO  ] [ com.epam.bdd.utaf.core.driver.DriverSingleton : 38 ] - Test platform is: CHROME
2022-04-05 21:13:23.043 [ main ] - [ INFO  ] [ io.github.bonigarcia.wdm.WebDriverManager : 587 ] - Using chromedriver 100.0.4896.60 (resolved driver for Chrome 100)
2022-04-05 21:13:23.065 [ main ] - [ INFO  ] [ io.github.bonigarcia.wdm.WebDriverManager : 639 ] - Exporting webdriver.chrome.driver as C:\Users\sandy_li\.cache\selenium\chromedriver\win32\100.0.4896.60\chromedriver.exe
2022-04-05 21:13:23.067 [ main ] - [ INFO  ] [ com.epam.bdd.utaf.core.utils.PropertiesReader : 42 ] - Executing scripts for CHROME on LOCAL environment...
2022-04-05 21:13:25.058 [ main ] - [ INFO  ] [ com.epam.bdd.utaf.core.driver.DriverSingleton : 52 ] - the current platform is CHROME
2022-04-05 21:13:25.205 [ main ] - [ INFO  ] [ com.epam.bdd.utaf.core.runners.UTAFTestRunner : 29 ] - setUp driver chrome
2022-04-05 21:13:25.946 [ main ] - [ INFO  ] [ com.epam.bdd.utaf.web.steps.wangyi.SignInSteps : 26 ] - Navigate to yandex website
2022-04-05 21:13:25.947 [ main ] - [ INFO  ] [ com.epam.bdd.utaf.core.utils.PropertiesReader : 42 ] - Executing scripts for CHROME on LOCAL environment...
2022-04-05 21:13:25.948 [ main ] - [ INFO  ] [ com.epam.bdd.utaf.core.base.WebBasePage : 44 ] - https://mail.yandex.com/
2022-04-05 21:13:32.478 [ main ] - [ INFO  ] [ com.epam.bdd.utaf.web.steps.wangyi.SignInSteps : 33 ] - Click signin icon
2022-04-05 21:13:36.713 [ main ] - [ INFO  ] [ com.epam.bdd.utaf.web.steps.wangyi.SignInSteps : 40 ] - Input email first
2022-04-05 21:13:36.821 [ main ] - [ INFO  ] [ com.epam.bdd.utaf.core.utils.Utils : 128 ] - Element is visible in 30 seconds on Login Page | [[ChromeDriver: chrome on WINDOWS (594f7e1e331b8a4a9bf553932d1f28e7)] -> id: passp-field-login]
2022-04-05 21:13:38.741 [ main ] - [ INFO  ] [ com.epam.bdd.utaf.web.steps.wangyi.SignInSteps : 48 ] - Verify signed in page
2022-04-05 21:14:26.591 [ main ] - [ INFO  ] [ com.epam.bdd.utaf.web.steps.wangyi.SignInSteps : 25 ] - click Compose button
2022-04-05 21:14:26.928 [ main ] - [ INFO  ] [ com.epam.bdd.utaf.web.steps.wangyi.SignInSteps : 32 ] - Input email address
2022-04-05 21:14:35.388 [ main ] - [ INFO  ] [ com.epam.bdd.utaf.web.steps.wangyi.SignInSteps : 38 ] - Input email subject
2022-04-05 21:14:35.523 [ main ] - [ INFO  ] [ com.epam.bdd.utaf.web.steps.wangyi.SignInSteps : 43 ] - Input email text
2022-04-05 21:14:35.714 [ main ] - [ INFO  ] [ com.epam.bdd.utaf.web.steps.wangyi.SignInSteps : 48 ] - I click close button
2022-04-05 21:14:35.793 [ main ] - [ INFO  ] [ com.epam.bdd.utaf.web.steps.wangyi.DraftSteps : 20 ] - click Draft link
2022-04-05 21:15:05.816 [ main ] - [ WARN  ] [ com.epam.bdd.utaf.core.base.WebBasePage : 70 ] - org.openqa.selenium.TimeoutException: Expected condition failed: waiting for com.epam.bdd.utaf.core.base.UTAFBasePage$$Lambda$556/0x000000080105a578@7976d382 (tried for 30 second(s) with 500 milliseconds interval)
2022-04-05 21:15:35.827 [ main ] - [ WARN  ] [ com.epam.bdd.utaf.core.base.WebBasePage : 79 ] - org.openqa.selenium.NoSuchElementException: no such element: Unable to locate element: {"method":"xpath","selector":"//a[contains(@class,'ns-view-id-42')]"}
  (Session info: chrome=100.0.4896.75)
For documentation on this error, please visit: https://www.seleniumhq.org/exceptions/no_such_element.html
Build info: version: '3.141.59', revision: 'e82be7d358', time: '2018-11-14T08:17:03'
System info: host: 'EPCNSZUW1097', ip: '192.168.2.13', os.name: 'Windows 10', os.arch: 'amd64', os.version: '10.0', java.version: '15.0.2'
Driver info: org.openqa.selenium.chrome.ChromeDriver
Capabilities {acceptInsecureCerts: false, browserName: chrome, browserVersion: 100.0.4896.75, chrome: {chromedriverVersion: 100.0.4896.60 (6a5d10861ce8..., userDataDir: C:\Users\sandy_li\AppData\L...}, goog:chromeOptions: {debuggerAddress: localhost:56451}, javascriptEnabled: true, networkConnectionEnabled: false, pageLoadStrategy: normal, platform: WINDOWS, platformName: WINDOWS, proxy: Proxy(), setWindowRect: true, strictFileInteractability: false, timeouts: {implicit: 0, pageLoad: 300000, script: 30000}, unhandledPromptBehavior: dismiss and notify, webauthn:extension:credBlob: true, webauthn:extension:largeBlob: true, webauthn:virtualAuthenticators: true}
Session ID: 594f7e1e331b8a4a9bf553932d1f28e7
*** Element info: {Using=xpath, value=//a[contains(@class,'ns-view-id-42')]}
2022-04-05 21:16:06.648 [ main ] - [ INFO  ] [ com.epam.bdd.utaf.core.driver.DriverSingleton : 100 ] - the driver quit
2022-04-05 21:16:06.651 [ main ] - [ INFO  ] [ com.epam.bdd.utaf.core.driver.DriverSingleton : 93 ] - the appium service was stopped
2022-04-05 21:16:06.651 [ main ] - [ INFO  ] [ com.epam.bdd.utaf.core.runners.UTAFTestRunner : 37 ] - Tear down driver chrome
2022-04-05 21:19:59.497 [ main ] - [ INFO  ] [ com.epam.reportportal.service.Launch : 123 ] - Rerun: false
2022-04-05 21:20:00.235 [ main ] - [ INFO  ] [ com.epam.bdd.utaf.core.utils.PropertiesReader : 42 ] - Executing scripts for CHROME on LOCAL environment...
2022-04-05 21:20:00.244 [ main ] - [ INFO  ] [ com.epam.bdd.utaf.core.driver.DriverSingleton : 38 ] - Test platform is: CHROME
2022-04-05 21:20:00.456 [ main ] - [ INFO  ] [ io.github.bonigarcia.wdm.WebDriverManager : 587 ] - Using chromedriver 100.0.4896.60 (resolved driver for Chrome 100)
2022-04-05 21:20:00.475 [ main ] - [ INFO  ] [ io.github.bonigarcia.wdm.WebDriverManager : 639 ] - Exporting webdriver.chrome.driver as C:\Users\sandy_li\.cache\selenium\chromedriver\win32\100.0.4896.60\chromedriver.exe
2022-04-05 21:20:00.476 [ main ] - [ INFO  ] [ com.epam.bdd.utaf.core.utils.PropertiesReader : 42 ] - Executing scripts for CHROME on LOCAL environment...
2022-04-05 21:20:02.238 [ main ] - [ INFO  ] [ com.epam.bdd.utaf.core.driver.DriverSingleton : 52 ] - the current platform is CHROME
2022-04-05 21:20:02.378 [ main ] - [ INFO  ] [ com.epam.bdd.utaf.core.runners.UTAFTestRunner : 29 ] - setUp driver chrome
2022-04-05 21:20:03.005 [ main ] - [ INFO  ] [ com.epam.bdd.utaf.web.steps.wangyi.SignInSteps : 26 ] - Navigate to yandex website
2022-04-05 21:20:03.005 [ main ] - [ INFO  ] [ com.epam.bdd.utaf.core.utils.PropertiesReader : 42 ] - Executing scripts for CHROME on LOCAL environment...
2022-04-05 21:20:03.005 [ main ] - [ INFO  ] [ com.epam.bdd.utaf.core.base.WebBasePage : 44 ] - https://mail.yandex.com/
2022-04-05 21:20:58.747 [ main ] - [ INFO  ] [ com.epam.bdd.utaf.web.steps.wangyi.SignInSteps : 33 ] - Click signin icon
2022-04-05 21:21:17.015 [ main ] - [ INFO  ] [ com.epam.bdd.utaf.web.steps.wangyi.SignInSteps : 40 ] - Input email first
2022-04-05 21:21:17.113 [ main ] - [ INFO  ] [ com.epam.bdd.utaf.core.utils.Utils : 128 ] - Element is visible in 30 seconds on Login Page | [[ChromeDriver: chrome on WINDOWS (cd30c95d8bdd320f2541e7117ae26a8f)] -> id: passp-field-login]
2022-04-05 21:21:18.173 [ main ] - [ INFO  ] [ com.epam.bdd.utaf.web.steps.wangyi.SignInSteps : 48 ] - Verify signed in page
2022-04-05 21:21:48.281 [ main ] - [ INFO  ] [ com.epam.bdd.utaf.web.steps.wangyi.SignInSteps : 25 ] - click Compose button
2022-04-05 21:22:18.332 [ main ] - [ WARN  ] [ com.epam.bdd.utaf.core.base.WebBasePage : 70 ] - org.openqa.selenium.TimeoutException: Expected condition failed: waiting for com.epam.bdd.utaf.core.base.UTAFBasePage$$Lambda$555/0x00000008010451f8@281d3ce7 (tried for 30 second(s) with 500 milliseconds interval)
2022-04-05 21:22:59.469 [ main ] - [ INFO  ] [ com.epam.bdd.utaf.web.steps.wangyi.SignInSteps : 32 ] - Input email address
2022-04-05 21:23:08.500 [ main ] - [ INFO  ] [ com.epam.bdd.utaf.web.steps.wangyi.SignInSteps : 38 ] - Input email subject
2022-04-05 21:23:08.625 [ main ] - [ INFO  ] [ com.epam.bdd.utaf.web.steps.wangyi.SignInSteps : 43 ] - Input email text
2022-04-05 21:23:08.798 [ main ] - [ INFO  ] [ com.epam.bdd.utaf.web.steps.wangyi.SignInSteps : 48 ] - I click close button
2022-04-05 21:23:09.876 [ main ] - [ WARN  ] [ com.epam.bdd.utaf.core.base.WebBasePage : 79 ] - org.openqa.selenium.ElementClickInterceptedException: element click intercepted: Element <button type="button" class="ControlButton-Button">...</button> is not clickable at point (1193, 546). Other element would receive the click: <div class="composeReact__footer">...</div>
  (Session info: chrome=100.0.4896.75)
Build info: version: '3.141.59', revision: 'e82be7d358', time: '2018-11-14T08:17:03'
System info: host: 'EPCNSZUW1097', ip: '192.168.2.13', os.name: 'Windows 10', os.arch: 'amd64', os.version: '10.0', java.version: '15.0.2'
Driver info: org.openqa.selenium.chrome.ChromeDriver
Capabilities {acceptInsecureCerts: false, browserName: chrome, browserVersion: 100.0.4896.75, chrome: {chromedriverVersion: 100.0.4896.60 (6a5d10861ce8..., userDataDir: C:\Users\sandy_li\AppData\L...}, goog:chromeOptions: {debuggerAddress: localhost:57164}, javascriptEnabled: true, networkConnectionEnabled: false, pageLoadStrategy: normal, platform: WINDOWS, platformName: WINDOWS, proxy: Proxy(), setWindowRect: true, strictFileInteractability: false, timeouts: {implicit: 0, pageLoad: 300000, script: 30000}, unhandledPromptBehavior: dismiss and notify, webauthn:extension:credBlob: true, webauthn:extension:largeBlob: true, webauthn:virtualAuthenticators: true}
Session ID: cd30c95d8bdd320f2541e7117ae26a8f
2022-04-05 21:23:09.912 [ main ] - [ INFO  ] [ com.epam.bdd.utaf.web.steps.wangyi.DraftSteps : 20 ] - click Draft link
2022-04-05 21:23:39.996 [ main ] - [ WARN  ] [ com.epam.bdd.utaf.core.base.WebBasePage : 70 ] - org.openqa.selenium.TimeoutException: Expected condition failed: waiting for com.epam.bdd.utaf.core.base.UTAFBasePage$$Lambda$555/0x00000008010451f8@7b6558aa (tried for 30 second(s) with 500 milliseconds interval)
2022-04-05 21:23:40.005 [ main ] - [ WARN  ] [ com.epam.bdd.utaf.core.base.WebBasePage : 79 ] - org.openqa.selenium.InvalidSelectorException: invalid selector: Unable to locate an element with the xpath expression //a[@href = '#draft')] because of the following error:
SyntaxError: Failed to execute 'evaluate' on 'Document': The string '//a[@href = '#draft')]' is not a valid XPath expression.
  (Session info: chrome=100.0.4896.75)
For documentation on this error, please visit: https://www.seleniumhq.org/exceptions/invalid_selector_exception.html
Build info: version: '3.141.59', revision: 'e82be7d358', time: '2018-11-14T08:17:03'
System info: host: 'EPCNSZUW1097', ip: '192.168.2.13', os.name: 'Windows 10', os.arch: 'amd64', os.version: '10.0', java.version: '15.0.2'
Driver info: org.openqa.selenium.chrome.ChromeDriver
Capabilities {acceptInsecureCerts: false, browserName: chrome, browserVersion: 100.0.4896.75, chrome: {chromedriverVersion: 100.0.4896.60 (6a5d10861ce8..., userDataDir: C:\Users\sandy_li\AppData\L...}, goog:chromeOptions: {debuggerAddress: localhost:57164}, javascriptEnabled: true, networkConnectionEnabled: false, pageLoadStrategy: normal, platform: WINDOWS, platformName: WINDOWS, proxy: Proxy(), setWindowRect: true, strictFileInteractability: false, timeouts: {implicit: 0, pageLoad: 300000, script: 30000}, unhandledPromptBehavior: dismiss and notify, webauthn:extension:credBlob: true, webauthn:extension:largeBlob: true, webauthn:virtualAuthenticators: true}
Session ID: cd30c95d8bdd320f2541e7117ae26a8f
*** Element info: {Using=xpath, value=//a[@href = '#draft')]}
2022-04-05 21:23:40.850 [ main ] - [ INFO  ] [ com.epam.bdd.utaf.core.driver.DriverSingleton : 100 ] - the driver quit
2022-04-05 21:23:40.853 [ main ] - [ INFO  ] [ com.epam.bdd.utaf.core.driver.DriverSingleton : 93 ] - the appium service was stopped
2022-04-05 21:23:40.853 [ main ] - [ INFO  ] [ com.epam.bdd.utaf.core.runners.UTAFTestRunner : 37 ] - Tear down driver chrome
2022-04-05 21:25:27.137 [ main ] - [ INFO  ] [ com.epam.reportportal.service.Launch : 123 ] - Rerun: false
2022-04-05 21:25:27.779 [ main ] - [ INFO  ] [ com.epam.bdd.utaf.core.utils.PropertiesReader : 42 ] - Executing scripts for CHROME on LOCAL environment...
2022-04-05 21:25:27.786 [ main ] - [ INFO  ] [ com.epam.bdd.utaf.core.driver.DriverSingleton : 38 ] - Test platform is: CHROME
2022-04-05 21:25:27.973 [ main ] - [ INFO  ] [ io.github.bonigarcia.wdm.WebDriverManager : 587 ] - Using chromedriver 100.0.4896.60 (resolved driver for Chrome 100)
2022-04-05 21:25:27.994 [ main ] - [ INFO  ] [ io.github.bonigarcia.wdm.WebDriverManager : 639 ] - Exporting webdriver.chrome.driver as C:\Users\sandy_li\.cache\selenium\chromedriver\win32\100.0.4896.60\chromedriver.exe
2022-04-05 21:25:27.996 [ main ] - [ INFO  ] [ com.epam.bdd.utaf.core.utils.PropertiesReader : 42 ] - Executing scripts for CHROME on LOCAL environment...
2022-04-05 21:25:29.691 [ main ] - [ INFO  ] [ com.epam.bdd.utaf.core.driver.DriverSingleton : 52 ] - the current platform is CHROME
2022-04-05 21:25:29.835 [ main ] - [ INFO  ] [ com.epam.bdd.utaf.core.runners.UTAFTestRunner : 29 ] - setUp driver chrome
2022-04-05 21:25:30.422 [ main ] - [ INFO  ] [ com.epam.bdd.utaf.web.steps.wangyi.SignInSteps : 26 ] - Navigate to yandex website
2022-04-05 21:25:30.423 [ main ] - [ INFO  ] [ com.epam.bdd.utaf.core.utils.PropertiesReader : 42 ] - Executing scripts for CHROME on LOCAL environment...
2022-04-05 21:25:30.424 [ main ] - [ INFO  ] [ com.epam.bdd.utaf.core.base.WebBasePage : 44 ] - https://mail.yandex.com/
2022-04-05 21:26:20.218 [ main ] - [ INFO  ] [ com.epam.bdd.utaf.web.steps.wangyi.SignInSteps : 33 ] - Click signin icon
2022-04-05 21:26:23.993 [ main ] - [ INFO  ] [ com.epam.bdd.utaf.web.steps.wangyi.SignInSteps : 25 ] - click Compose button
2022-04-05 21:29:09.307 [ main ] - [ INFO  ] [ com.epam.reportportal.service.Launch : 123 ] - Rerun: false
2022-04-05 21:29:09.998 [ main ] - [ INFO  ] [ com.epam.bdd.utaf.core.utils.PropertiesReader : 42 ] - Executing scripts for CHROME on LOCAL environment...
2022-04-05 21:29:10.007 [ main ] - [ INFO  ] [ com.epam.bdd.utaf.core.driver.DriverSingleton : 38 ] - Test platform is: CHROME
2022-04-05 21:29:10.218 [ main ] - [ INFO  ] [ io.github.bonigarcia.wdm.WebDriverManager : 587 ] - Using chromedriver 100.0.4896.60 (resolved driver for Chrome 100)
2022-04-05 21:29:10.238 [ main ] - [ INFO  ] [ io.github.bonigarcia.wdm.WebDriverManager : 639 ] - Exporting webdriver.chrome.driver as C:\Users\sandy_li\.cache\selenium\chromedriver\win32\100.0.4896.60\chromedriver.exe
2022-04-05 21:29:10.240 [ main ] - [ INFO  ] [ com.epam.bdd.utaf.core.utils.PropertiesReader : 42 ] - Executing scripts for CHROME on LOCAL environment...
2022-04-05 21:29:12.006 [ main ] - [ INFO  ] [ com.epam.bdd.utaf.core.driver.DriverSingleton : 52 ] - the current platform is CHROME
2022-04-05 21:29:12.139 [ main ] - [ INFO  ] [ com.epam.bdd.utaf.core.runners.UTAFTestRunner : 29 ] - setUp driver chrome
2022-04-05 21:29:12.721 [ main ] - [ INFO  ] [ com.epam.bdd.utaf.web.steps.wangyi.SignInSteps : 26 ] - Navigate to yandex website
2022-04-05 21:29:12.722 [ main ] - [ INFO  ] [ com.epam.bdd.utaf.core.utils.PropertiesReader : 42 ] - Executing scripts for CHROME on LOCAL environment...
2022-04-05 21:29:12.722 [ main ] - [ INFO  ] [ com.epam.bdd.utaf.core.base.WebBasePage : 44 ] - https://mail.yandex.com/
2022-04-05 21:30:03.787 [ main ] - [ INFO  ] [ com.epam.bdd.utaf.web.steps.wangyi.SignInSteps : 33 ] - Click signin icon
2022-04-05 21:30:11.683 [ main ] - [ INFO  ] [ com.epam.bdd.utaf.web.steps.wangyi.SignInSteps : 40 ] - Input email first
2022-04-05 21:30:11.797 [ main ] - [ INFO  ] [ com.epam.bdd.utaf.core.utils.Utils : 128 ] - Element is visible in 30 seconds on Login Page | [[ChromeDriver: chrome on WINDOWS (b070e6a4f8d052b52916105d3016aef9)] -> id: passp-field-login]
2022-04-05 21:30:12.847 [ main ] - [ INFO  ] [ com.epam.bdd.utaf.web.steps.wangyi.SignInSteps : 48 ] - Verify signed in page
2022-04-05 21:30:42.958 [ main ] - [ INFO  ] [ com.epam.bdd.utaf.web.steps.wangyi.SignInSteps : 25 ] - click Compose button
2022-04-05 21:32:00.151 [ main ] - [ WARN  ] [ com.epam.bdd.utaf.core.base.WebBasePage : 70 ] - org.openqa.selenium.TimeoutException: Expected condition failed: waiting for com.epam.bdd.utaf.core.base.UTAFBasePage$$Lambda$555/0x0000000801045180@579cfcc4 (tried for 30 second(s) with 500 milliseconds interval)
2022-04-05 21:32:07.256 [ main ] - [ INFO  ] [ com.epam.bdd.utaf.web.steps.wangyi.SignInSteps : 32 ] - Input email address
2022-04-05 21:32:15.368 [ main ] - [ INFO  ] [ com.epam.bdd.utaf.web.steps.wangyi.SignInSteps : 38 ] - Input email subject
2022-04-05 21:32:15.468 [ main ] - [ INFO  ] [ com.epam.bdd.utaf.web.steps.wangyi.SignInSteps : 43 ] - Input email text
2022-04-05 21:32:15.606 [ main ] - [ INFO  ] [ com.epam.bdd.utaf.web.steps.wangyi.SignInSteps : 48 ] - I click close button
2022-04-05 21:32:15.747 [ main ] - [ INFO  ] [ com.epam.bdd.utaf.web.steps.wangyi.DraftSteps : 20 ] - click Draft link
2022-04-05 21:32:45.841 [ main ] - [ WARN  ] [ com.epam.bdd.utaf.core.base.WebBasePage : 70 ] - org.openqa.selenium.TimeoutException: Expected condition failed: waiting for com.epam.bdd.utaf.core.base.UTAFBasePage$$Lambda$555/0x0000000801045180@1046aaa4 (tried for 30 second(s) with 500 milliseconds interval)
2022-04-05 21:32:45.849 [ main ] - [ WARN  ] [ com.epam.bdd.utaf.core.base.WebBasePage : 79 ] - org.openqa.selenium.InvalidSelectorException: invalid selector: Unable to locate an element with the xpath expression //a[@href = '#draft')] because of the following error:
SyntaxError: Failed to execute 'evaluate' on 'Document': The string '//a[@href = '#draft')]' is not a valid XPath expression.
  (Session info: chrome=100.0.4896.75)
For documentation on this error, please visit: https://www.seleniumhq.org/exceptions/invalid_selector_exception.html
Build info: version: '3.141.59', revision: 'e82be7d358', time: '2018-11-14T08:17:03'
System info: host: 'EPCNSZUW1097', ip: '192.168.2.13', os.name: 'Windows 10', os.arch: 'amd64', os.version: '10.0', java.version: '15.0.2'
Driver info: org.openqa.selenium.chrome.ChromeDriver
Capabilities {acceptInsecureCerts: false, browserName: chrome, browserVersion: 100.0.4896.75, chrome: {chromedriverVersion: 100.0.4896.60 (6a5d10861ce8..., userDataDir: C:\Users\sandy_li\AppData\L...}, goog:chromeOptions: {debuggerAddress: localhost:58201}, javascriptEnabled: true, networkConnectionEnabled: false, pageLoadStrategy: normal, platform: WINDOWS, platformName: WINDOWS, proxy: Proxy(), setWindowRect: true, strictFileInteractability: false, timeouts: {implicit: 0, pageLoad: 300000, script: 30000}, unhandledPromptBehavior: dismiss and notify, webauthn:extension:credBlob: true, webauthn:extension:largeBlob: true, webauthn:virtualAuthenticators: true}
Session ID: b070e6a4f8d052b52916105d3016aef9
*** Element info: {Using=xpath, value=//a[@href = '#draft')]}
2022-04-05 21:32:46.567 [ main ] - [ INFO  ] [ com.epam.bdd.utaf.core.driver.DriverSingleton : 100 ] - the driver quit
2022-04-05 21:32:46.570 [ main ] - [ INFO  ] [ com.epam.bdd.utaf.core.driver.DriverSingleton : 93 ] - the appium service was stopped
2022-04-05 21:32:46.570 [ main ] - [ INFO  ] [ com.epam.bdd.utaf.core.runners.UTAFTestRunner : 37 ] - Tear down driver chrome
2022-04-05 21:35:48.267 [ main ] - [ INFO  ] [ com.epam.reportportal.service.Launch : 123 ] - Rerun: false
2022-04-05 21:35:48.965 [ main ] - [ INFO  ] [ com.epam.bdd.utaf.core.utils.PropertiesReader : 42 ] - Executing scripts for CHROME on LOCAL environment...
2022-04-05 21:35:48.971 [ main ] - [ INFO  ] [ com.epam.bdd.utaf.core.driver.DriverSingleton : 38 ] - Test platform is: CHROME
2022-04-05 21:35:49.147 [ main ] - [ INFO  ] [ io.github.bonigarcia.wdm.WebDriverManager : 587 ] - Using chromedriver 100.0.4896.60 (resolved driver for Chrome 100)
2022-04-05 21:35:49.166 [ main ] - [ INFO  ] [ io.github.bonigarcia.wdm.WebDriverManager : 639 ] - Exporting webdriver.chrome.driver as C:\Users\sandy_li\.cache\selenium\chromedriver\win32\100.0.4896.60\chromedriver.exe
2022-04-05 21:35:49.167 [ main ] - [ INFO  ] [ com.epam.bdd.utaf.core.utils.PropertiesReader : 42 ] - Executing scripts for CHROME on LOCAL environment...
2022-04-05 21:35:51.033 [ main ] - [ INFO  ] [ com.epam.bdd.utaf.core.driver.DriverSingleton : 52 ] - the current platform is CHROME
2022-04-05 21:35:51.162 [ main ] - [ INFO  ] [ com.epam.bdd.utaf.core.runners.UTAFTestRunner : 29 ] - setUp driver chrome
2022-04-05 21:35:51.751 [ main ] - [ INFO  ] [ com.epam.bdd.utaf.web.steps.wangyi.SignInSteps : 26 ] - Navigate to yandex website
2022-04-05 21:35:51.751 [ main ] - [ INFO  ] [ com.epam.bdd.utaf.core.utils.PropertiesReader : 42 ] - Executing scripts for CHROME on LOCAL environment...
2022-04-05 21:35:51.752 [ main ] - [ INFO  ] [ com.epam.bdd.utaf.core.base.WebBasePage : 44 ] - https://mail.yandex.com/
2022-04-05 21:35:56.704 [ main ] - [ INFO  ] [ com.epam.bdd.utaf.web.steps.wangyi.SignInSteps : 33 ] - Click signin icon
2022-04-05 21:36:02.175 [ main ] - [ INFO  ] [ com.epam.bdd.utaf.web.steps.wangyi.SignInSteps : 40 ] - Input email first
2022-04-05 21:36:02.313 [ main ] - [ INFO  ] [ com.epam.bdd.utaf.core.utils.Utils : 128 ] - Element is visible in 30 seconds on Login Page | [[ChromeDriver: chrome on WINDOWS (5a67f9be3d1e3a93130208b612670921)] -> id: passp-field-login]
2022-04-05 21:36:04.081 [ main ] - [ INFO  ] [ com.epam.bdd.utaf.web.steps.wangyi.SignInSteps : 48 ] - Verify signed in page
2022-04-05 21:36:39.094 [ main ] - [ INFO  ] [ com.epam.bdd.utaf.web.steps.wangyi.SignInSteps : 25 ] - click Compose button
2022-04-05 21:36:39.431 [ main ] - [ INFO  ] [ com.epam.bdd.utaf.web.steps.wangyi.SignInSteps : 32 ] - Input email address
2022-04-05 21:37:03.149 [ main ] - [ INFO  ] [ com.epam.bdd.utaf.web.steps.wangyi.SignInSteps : 38 ] - Input email subject
2022-04-05 21:37:03.271 [ main ] - [ INFO  ] [ com.epam.bdd.utaf.web.steps.wangyi.SignInSteps : 43 ] - Input email text
2022-04-05 21:37:03.459 [ main ] - [ INFO  ] [ com.epam.bdd.utaf.web.steps.wangyi.SignInSteps : 48 ] - I click close button
2022-04-05 21:37:03.546 [ main ] - [ INFO  ] [ com.epam.bdd.utaf.web.steps.wangyi.DraftSteps : 20 ] - click Draft link
2022-04-05 21:37:33.701 [ main ] - [ WARN  ] [ com.epam.bdd.utaf.core.base.WebBasePage : 70 ] - org.openqa.selenium.TimeoutException: Expected condition failed: waiting for com.epam.bdd.utaf.core.base.UTAFBasePage$$Lambda$555/0x00000008010451f8@59bf79f3 (tried for 30 second(s) with 500 milliseconds interval)
2022-04-05 21:37:33.711 [ main ] - [ WARN  ] [ com.epam.bdd.utaf.core.base.WebBasePage : 79 ] - org.openqa.selenium.InvalidSelectorException: invalid selector: Unable to locate an element with the xpath expression //a[@href = '#draft')] because of the following error:
SyntaxError: Failed to execute 'evaluate' on 'Document': The string '//a[@href = '#draft')]' is not a valid XPath expression.
  (Session info: chrome=100.0.4896.75)
For documentation on this error, please visit: https://www.seleniumhq.org/exceptions/invalid_selector_exception.html
Build info: version: '3.141.59', revision: 'e82be7d358', time: '2018-11-14T08:17:03'
System info: host: 'EPCNSZUW1097', ip: '192.168.2.13', os.name: 'Windows 10', os.arch: 'amd64', os.version: '10.0', java.version: '15.0.2'
Driver info: org.openqa.selenium.chrome.ChromeDriver
Capabilities {acceptInsecureCerts: false, browserName: chrome, browserVersion: 100.0.4896.75, chrome: {chromedriverVersion: 100.0.4896.60 (6a5d10861ce8..., userDataDir: C:\Users\sandy_li\AppData\L...}, goog:chromeOptions: {debuggerAddress: localhost:58969}, javascriptEnabled: true, networkConnectionEnabled: false, pageLoadStrategy: normal, platform: WINDOWS, platformName: WINDOWS, proxy: Proxy(), setWindowRect: true, strictFileInteractability: false, timeouts: {implicit: 0, pageLoad: 300000, script: 30000}, unhandledPromptBehavior: dismiss and notify, webauthn:extension:credBlob: true, webauthn:extension:largeBlob: true, webauthn:virtualAuthenticators: true}
Session ID: 5a67f9be3d1e3a93130208b612670921
*** Element info: {Using=xpath, value=//a[@href = '#draft')]}
2022-04-05 21:37:34.437 [ main ] - [ INFO  ] [ com.epam.bdd.utaf.core.driver.DriverSingleton : 100 ] - the driver quit
2022-04-05 21:37:34.441 [ main ] - [ INFO  ] [ com.epam.bdd.utaf.core.driver.DriverSingleton : 93 ] - the appium service was stopped
2022-04-05 21:37:34.441 [ main ] - [ INFO  ] [ com.epam.bdd.utaf.core.runners.UTAFTestRunner : 37 ] - Tear down driver chrome
2022-04-05 21:40:47.450 [ main ] - [ INFO  ] [ com.epam.reportportal.service.Launch : 123 ] - Rerun: false
2022-04-05 21:40:48.121 [ main ] - [ INFO  ] [ com.epam.bdd.utaf.core.utils.PropertiesReader : 42 ] - Executing scripts for CHROME on LOCAL environment...
2022-04-05 21:40:48.127 [ main ] - [ INFO  ] [ com.epam.bdd.utaf.core.driver.DriverSingleton : 38 ] - Test platform is: CHROME
2022-04-05 21:40:48.300 [ main ] - [ INFO  ] [ io.github.bonigarcia.wdm.WebDriverManager : 587 ] - Using chromedriver 100.0.4896.60 (resolved driver for Chrome 100)
2022-04-05 21:40:48.321 [ main ] - [ INFO  ] [ io.github.bonigarcia.wdm.WebDriverManager : 639 ] - Exporting webdriver.chrome.driver as C:\Users\sandy_li\.cache\selenium\chromedriver\win32\100.0.4896.60\chromedriver.exe
2022-04-05 21:40:48.322 [ main ] - [ INFO  ] [ com.epam.bdd.utaf.core.utils.PropertiesReader : 42 ] - Executing scripts for CHROME on LOCAL environment...
2022-04-05 21:40:50.242 [ main ] - [ INFO  ] [ com.epam.bdd.utaf.core.driver.DriverSingleton : 52 ] - the current platform is CHROME
2022-04-05 21:40:50.394 [ main ] - [ INFO  ] [ com.epam.bdd.utaf.core.runners.UTAFTestRunner : 29 ] - setUp driver chrome
2022-04-05 21:40:51.262 [ main ] - [ INFO  ] [ com.epam.bdd.utaf.web.steps.wangyi.SignInSteps : 26 ] - Navigate to yandex website
2022-04-05 21:40:51.263 [ main ] - [ INFO  ] [ com.epam.bdd.utaf.core.utils.PropertiesReader : 42 ] - Executing scripts for CHROME on LOCAL environment...
2022-04-05 21:40:51.264 [ main ] - [ INFO  ] [ com.epam.bdd.utaf.core.base.WebBasePage : 44 ] - https://mail.yandex.com/
2022-04-05 21:40:59.932 [ main ] - [ INFO  ] [ com.epam.bdd.utaf.web.steps.wangyi.SignInSteps : 33 ] - Click signin icon
2022-04-05 21:41:14.869 [ main ] - [ INFO  ] [ com.epam.bdd.utaf.web.steps.wangyi.SignInSteps : 40 ] - Input email first
2022-04-05 21:41:14.972 [ main ] - [ INFO  ] [ com.epam.bdd.utaf.core.utils.Utils : 128 ] - Element is visible in 30 seconds on Login Page | [[ChromeDriver: chrome on WINDOWS (2281f702859d74ff74d71394cbfe58ab)] -> id: passp-field-login]
2022-04-05 21:41:16.087 [ main ] - [ INFO  ] [ com.epam.bdd.utaf.web.steps.wangyi.SignInSteps : 48 ] - Verify signed in page
2022-04-05 21:41:50.221 [ main ] - [ INFO  ] [ com.epam.bdd.utaf.web.steps.wangyi.SignInSteps : 25 ] - click Compose button
2022-04-05 21:41:50.555 [ main ] - [ INFO  ] [ com.epam.bdd.utaf.web.steps.wangyi.SignInSteps : 32 ] - Input email address
2022-04-05 21:42:00.845 [ main ] - [ INFO  ] [ com.epam.bdd.utaf.web.steps.wangyi.SignInSteps : 38 ] - Input email subject
2022-04-05 21:42:00.967 [ main ] - [ INFO  ] [ com.epam.bdd.utaf.web.steps.wangyi.SignInSteps : 43 ] - Input email text
2022-04-05 21:42:01.140 [ main ] - [ INFO  ] [ com.epam.bdd.utaf.web.steps.wangyi.SignInSteps : 48 ] - I click close button
2022-04-05 21:42:31.225 [ main ] - [ INFO  ] [ com.epam.bdd.utaf.web.steps.wangyi.DraftSteps : 20 ] - click Draft link
2022-04-05 21:43:01.305 [ main ] - [ WARN  ] [ com.epam.bdd.utaf.core.base.WebBasePage : 70 ] - org.openqa.selenium.TimeoutException: Expected condition failed: waiting for com.epam.bdd.utaf.core.base.UTAFBasePage$$Lambda$555/0x00000008010452b8@79194b1c (tried for 30 second(s) with 500 milliseconds interval)
2022-04-05 21:43:01.313 [ main ] - [ WARN  ] [ com.epam.bdd.utaf.core.base.WebBasePage : 79 ] - org.openqa.selenium.InvalidSelectorException: invalid selector: Unable to locate an element with the xpath expression //a[@href = '#draft')] because of the following error:
SyntaxError: Failed to execute 'evaluate' on 'Document': The string '//a[@href = '#draft')]' is not a valid XPath expression.
  (Session info: chrome=100.0.4896.75)
For documentation on this error, please visit: https://www.seleniumhq.org/exceptions/invalid_selector_exception.html
Build info: version: '3.141.59', revision: 'e82be7d358', time: '2018-11-14T08:17:03'
System info: host: 'EPCNSZUW1097', ip: '192.168.2.13', os.name: 'Windows 10', os.arch: 'amd64', os.version: '10.0', java.version: '15.0.2'
Driver info: org.openqa.selenium.chrome.ChromeDriver
Capabilities {acceptInsecureCerts: false, browserName: chrome, browserVersion: 100.0.4896.75, chrome: {chromedriverVersion: 100.0.4896.60 (6a5d10861ce8..., userDataDir: C:\Users\sandy_li\AppData\L...}, goog:chromeOptions: {debuggerAddress: localhost:59642}, javascriptEnabled: true, networkConnectionEnabled: false, pageLoadStrategy: normal, platform: WINDOWS, platformName: WINDOWS, proxy: Proxy(), setWindowRect: true, strictFileInteractability: false, timeouts: {implicit: 0, pageLoad: 300000, script: 30000}, unhandledPromptBehavior: dismiss and notify, webauthn:extension:credBlob: true, webauthn:extension:largeBlob: true, webauthn:virtualAuthenticators: true}
Session ID: 2281f702859d74ff74d71394cbfe58ab
*** Element info: {Using=xpath, value=//a[@href = '#draft')]}
2022-04-05 21:43:02.004 [ main ] - [ INFO  ] [ com.epam.bdd.utaf.core.driver.DriverSingleton : 100 ] - the driver quit
2022-04-05 21:43:02.008 [ main ] - [ INFO  ] [ com.epam.bdd.utaf.core.driver.DriverSingleton : 93 ] - the appium service was stopped
2022-04-05 21:43:02.008 [ main ] - [ INFO  ] [ com.epam.bdd.utaf.core.runners.UTAFTestRunner : 37 ] - Tear down driver chrome
2022-04-05 21:45:59.523 [ main ] - [ INFO  ] [ com.epam.reportportal.service.Launch : 123 ] - Rerun: false
2022-04-05 21:46:00.230 [ main ] - [ INFO  ] [ com.epam.bdd.utaf.core.utils.PropertiesReader : 42 ] - Executing scripts for CHROME on LOCAL environment...
2022-04-05 21:46:00.237 [ main ] - [ INFO  ] [ com.epam.bdd.utaf.core.driver.DriverSingleton : 38 ] - Test platform is: CHROME
2022-04-05 21:46:00.423 [ main ] - [ INFO  ] [ io.github.bonigarcia.wdm.WebDriverManager : 587 ] - Using chromedriver 100.0.4896.60 (resolved driver for Chrome 100)
2022-04-05 21:46:00.446 [ main ] - [ INFO  ] [ io.github.bonigarcia.wdm.WebDriverManager : 639 ] - Exporting webdriver.chrome.driver as C:\Users\sandy_li\.cache\selenium\chromedriver\win32\100.0.4896.60\chromedriver.exe
2022-04-05 21:46:00.449 [ main ] - [ INFO  ] [ com.epam.bdd.utaf.core.utils.PropertiesReader : 42 ] - Executing scripts for CHROME on LOCAL environment...
2022-04-05 21:46:02.227 [ main ] - [ INFO  ] [ com.epam.bdd.utaf.core.driver.DriverSingleton : 52 ] - the current platform is CHROME
2022-04-05 21:46:02.363 [ main ] - [ INFO  ] [ com.epam.bdd.utaf.core.runners.UTAFTestRunner : 29 ] - setUp driver chrome
2022-04-05 21:46:03.002 [ main ] - [ INFO  ] [ com.epam.bdd.utaf.web.steps.wangyi.SignInSteps : 26 ] - Navigate to yandex website
2022-04-05 21:46:03.003 [ main ] - [ INFO  ] [ com.epam.bdd.utaf.core.utils.PropertiesReader : 42 ] - Executing scripts for CHROME on LOCAL environment...
2022-04-05 21:46:03.003 [ main ] - [ INFO  ] [ com.epam.bdd.utaf.core.base.WebBasePage : 44 ] - https://mail.yandex.com/
2022-04-05 21:46:08.814 [ main ] - [ INFO  ] [ com.epam.bdd.utaf.web.steps.wangyi.SignInSteps : 33 ] - Click signin icon
2022-04-05 21:46:14.771 [ main ] - [ INFO  ] [ com.epam.bdd.utaf.web.steps.wangyi.SignInSteps : 40 ] - Input email first
2022-04-05 21:46:14.857 [ main ] - [ INFO  ] [ com.epam.bdd.utaf.core.utils.Utils : 128 ] - Element is visible in 30 seconds on Login Page | [[ChromeDriver: chrome on WINDOWS (98c62e94d1ce92fa462db80443ad5bf3)] -> id: passp-field-login]
2022-04-05 21:46:15.859 [ main ] - [ INFO  ] [ com.epam.bdd.utaf.web.steps.wangyi.SignInSteps : 48 ] - Verify signed in page
2022-04-05 21:47:11.306 [ main ] - [ INFO  ] [ com.epam.bdd.utaf.web.steps.wangyi.SignInSteps : 25 ] - click Compose button
2022-04-05 21:47:11.625 [ main ] - [ INFO  ] [ com.epam.bdd.utaf.web.steps.wangyi.SignInSteps : 32 ] - Input email address
2022-04-05 21:47:12.036 [ main ] - [ INFO  ] [ com.epam.bdd.utaf.web.steps.wangyi.SignInSteps : 38 ] - Input email subject
2022-04-05 21:47:12.159 [ main ] - [ INFO  ] [ com.epam.bdd.utaf.web.steps.wangyi.SignInSteps : 43 ] - Input email text
2022-04-05 21:47:12.329 [ main ] - [ INFO  ] [ com.epam.bdd.utaf.web.steps.wangyi.SignInSteps : 48 ] - I click close button
2022-04-05 21:47:13.425 [ main ] - [ WARN  ] [ com.epam.bdd.utaf.core.base.WebBasePage : 79 ] - org.openqa.selenium.ElementClickInterceptedException: element click intercepted: Element <div class="ControlButton ControlButton_button_close">...</div> is not clickable at point (1249, 546). Other element would receive the click: <div class="composeReact__footer">...</div>
  (Session info: chrome=100.0.4896.75)
Build info: version: '3.141.59', revision: 'e82be7d358', time: '2018-11-14T08:17:03'
System info: host: 'EPCNSZUW1097', ip: '192.168.2.13', os.name: 'Windows 10', os.arch: 'amd64', os.version: '10.0', java.version: '15.0.2'
Driver info: org.openqa.selenium.chrome.ChromeDriver
Capabilities {acceptInsecureCerts: false, browserName: chrome, browserVersion: 100.0.4896.75, chrome: {chromedriverVersion: 100.0.4896.60 (6a5d10861ce8..., userDataDir: C:\Users\sandy_li\AppData\L...}, goog:chromeOptions: {debuggerAddress: localhost:60339}, javascriptEnabled: true, networkConnectionEnabled: false, pageLoadStrategy: normal, platform: WINDOWS, platformName: WINDOWS, proxy: Proxy(), setWindowRect: true, strictFileInteractability: false, timeouts: {implicit: 0, pageLoad: 300000, script: 30000}, unhandledPromptBehavior: dismiss and notify, webauthn:extension:credBlob: true, webauthn:extension:largeBlob: true, webauthn:virtualAuthenticators: true}
Session ID: 98c62e94d1ce92fa462db80443ad5bf3
2022-04-05 21:47:13.452 [ main ] - [ INFO  ] [ com.epam.bdd.utaf.web.steps.wangyi.DraftSteps : 20 ] - click Draft link
2022-04-05 21:47:43.530 [ main ] - [ WARN  ] [ com.epam.bdd.utaf.core.base.WebBasePage : 70 ] - org.openqa.selenium.TimeoutException: Expected condition failed: waiting for com.epam.bdd.utaf.core.base.UTAFBasePage$$Lambda$555/0x00000008010451f8@3d273300 (tried for 30 second(s) with 500 milliseconds interval)
2022-04-05 21:47:43.538 [ main ] - [ WARN  ] [ com.epam.bdd.utaf.core.base.WebBasePage : 79 ] - org.openqa.selenium.InvalidSelectorException: invalid selector: Unable to locate an element with the xpath expression //a[@href = '#draft')] because of the following error:
SyntaxError: Failed to execute 'evaluate' on 'Document': The string '//a[@href = '#draft')]' is not a valid XPath expression.
  (Session info: chrome=100.0.4896.75)
For documentation on this error, please visit: https://www.seleniumhq.org/exceptions/invalid_selector_exception.html
Build info: version: '3.141.59', revision: 'e82be7d358', time: '2018-11-14T08:17:03'
System info: host: 'EPCNSZUW1097', ip: '192.168.2.13', os.name: 'Windows 10', os.arch: 'amd64', os.version: '10.0', java.version: '15.0.2'
Driver info: org.openqa.selenium.chrome.ChromeDriver
Capabilities {acceptInsecureCerts: false, browserName: chrome, browserVersion: 100.0.4896.75, chrome: {chromedriverVersion: 100.0.4896.60 (6a5d10861ce8..., userDataDir: C:\Users\sandy_li\AppData\L...}, goog:chromeOptions: {debuggerAddress: localhost:60339}, javascriptEnabled: true, networkConnectionEnabled: false, pageLoadStrategy: normal, platform: WINDOWS, platformName: WINDOWS, proxy: Proxy(), setWindowRect: true, strictFileInteractability: false, timeouts: {implicit: 0, pageLoad: 300000, script: 30000}, unhandledPromptBehavior: dismiss and notify, webauthn:extension:credBlob: true, webauthn:extension:largeBlob: true, webauthn:virtualAuthenticators: true}
Session ID: 98c62e94d1ce92fa462db80443ad5bf3
*** Element info: {Using=xpath, value=//a[@href = '#draft')]}
2022-04-05 21:47:44.413 [ main ] - [ INFO  ] [ com.epam.bdd.utaf.core.driver.DriverSingleton : 100 ] - the driver quit
2022-04-05 21:47:44.418 [ main ] - [ INFO  ] [ com.epam.bdd.utaf.core.driver.DriverSingleton : 93 ] - the appium service was stopped
2022-04-05 21:47:44.419 [ main ] - [ INFO  ] [ com.epam.bdd.utaf.core.runners.UTAFTestRunner : 37 ] - Tear down driver chrome
2022-04-05 21:53:49.099 [ main ] - [ INFO  ] [ com.epam.reportportal.service.Launch : 123 ] - Rerun: false
2022-04-05 21:53:49.762 [ main ] - [ INFO  ] [ com.epam.bdd.utaf.core.utils.PropertiesReader : 42 ] - Executing scripts for CHROME on LOCAL environment...
2022-04-05 21:53:49.770 [ main ] - [ INFO  ] [ com.epam.bdd.utaf.core.driver.DriverSingleton : 38 ] - Test platform is: CHROME
2022-04-05 21:53:49.973 [ main ] - [ INFO  ] [ io.github.bonigarcia.wdm.WebDriverManager : 587 ] - Using chromedriver 100.0.4896.60 (resolved driver for Chrome 100)
2022-04-05 21:53:49.992 [ main ] - [ INFO  ] [ io.github.bonigarcia.wdm.WebDriverManager : 639 ] - Exporting webdriver.chrome.driver as C:\Users\sandy_li\.cache\selenium\chromedriver\win32\100.0.4896.60\chromedriver.exe
2022-04-05 21:53:49.994 [ main ] - [ INFO  ] [ com.epam.bdd.utaf.core.utils.PropertiesReader : 42 ] - Executing scripts for CHROME on LOCAL environment...
2022-04-05 21:53:51.775 [ main ] - [ INFO  ] [ com.epam.bdd.utaf.core.driver.DriverSingleton : 52 ] - the current platform is CHROME
2022-04-05 21:53:51.916 [ main ] - [ INFO  ] [ com.epam.bdd.utaf.core.runners.UTAFTestRunner : 29 ] - setUp driver chrome
2022-04-05 21:53:52.554 [ main ] - [ INFO  ] [ com.epam.bdd.utaf.web.steps.wangyi.SignInSteps : 26 ] - Navigate to yandex website
2022-04-05 21:53:52.554 [ main ] - [ INFO  ] [ com.epam.bdd.utaf.core.utils.PropertiesReader : 42 ] - Executing scripts for CHROME on LOCAL environment...
2022-04-05 21:53:52.555 [ main ] - [ INFO  ] [ com.epam.bdd.utaf.core.base.WebBasePage : 44 ] - https://mail.yandex.com/
2022-04-05 21:53:59.529 [ main ] - [ INFO  ] [ com.epam.bdd.utaf.web.steps.wangyi.SignInSteps : 33 ] - Click signin icon
2022-04-05 21:54:10.538 [ main ] - [ INFO  ] [ com.epam.bdd.utaf.web.steps.wangyi.SignInSteps : 40 ] - Input email first
2022-04-05 21:54:10.653 [ main ] - [ INFO  ] [ com.epam.bdd.utaf.core.utils.Utils : 128 ] - Element is visible in 30 seconds on Login Page | [[ChromeDriver: chrome on WINDOWS (556a95ccb486181abde9634cee92d97e)] -> id: passp-field-login]
2022-04-05 21:54:11.732 [ main ] - [ INFO  ] [ com.epam.bdd.utaf.web.steps.wangyi.SignInSteps : 48 ] - Verify signed in page
2022-04-05 21:54:56.397 [ main ] - [ INFO  ] [ com.epam.bdd.utaf.web.steps.wangyi.SignInSteps : 25 ] - click Compose button
2022-04-05 21:54:56.741 [ main ] - [ INFO  ] [ com.epam.bdd.utaf.web.steps.wangyi.SignInSteps : 32 ] - Input email address
2022-04-05 21:54:57.197 [ main ] - [ INFO  ] [ com.epam.bdd.utaf.web.steps.wangyi.SignInSteps : 38 ] - Input email subject
2022-04-05 21:54:57.330 [ main ] - [ INFO  ] [ com.epam.bdd.utaf.web.steps.wangyi.SignInSteps : 43 ] - Input email text
2022-04-05 21:54:57.506 [ main ] - [ INFO  ] [ com.epam.bdd.utaf.web.steps.wangyi.SignInSteps : 48 ] - I click close button
2022-04-05 21:55:27.606 [ main ] - [ INFO  ] [ com.epam.bdd.utaf.web.steps.wangyi.DraftSteps : 20 ] - click Draft link
2022-04-05 21:55:57.647 [ main ] - [ WARN  ] [ com.epam.bdd.utaf.core.base.WebBasePage : 70 ] - org.openqa.selenium.TimeoutException: Expected condition failed: waiting for com.epam.bdd.utaf.core.base.UTAFBasePage$$Lambda$555/0x00000008010452b8@485a5c9 (tried for 30 second(s) with 500 milliseconds interval)
2022-04-05 21:56:27.691 [ main ] - [ WARN  ] [ com.epam.bdd.utaf.core.base.WebBasePage : 79 ] - org.openqa.selenium.NoSuchElementException: no such element: Unable to locate element: {"method":"xpath","selector":"a[contains(@class,'mail-NestedList-Item_withToggler')]"}
  (Session info: chrome=100.0.4896.75)
For documentation on this error, please visit: https://www.seleniumhq.org/exceptions/no_such_element.html
Build info: version: '3.141.59', revision: 'e82be7d358', time: '2018-11-14T08:17:03'
System info: host: 'EPCNSZUW1097', ip: '192.168.2.13', os.name: 'Windows 10', os.arch: 'amd64', os.version: '10.0', java.version: '15.0.2'
Driver info: org.openqa.selenium.chrome.ChromeDriver
Capabilities {acceptInsecureCerts: false, browserName: chrome, browserVersion: 100.0.4896.75, chrome: {chromedriverVersion: 100.0.4896.60 (6a5d10861ce8..., userDataDir: C:\Users\sandy_li\AppData\L...}, goog:chromeOptions: {debuggerAddress: localhost:61101}, javascriptEnabled: true, networkConnectionEnabled: false, pageLoadStrategy: normal, platform: WINDOWS, platformName: WINDOWS, proxy: Proxy(), setWindowRect: true, strictFileInteractability: false, timeouts: {implicit: 0, pageLoad: 300000, script: 30000}, unhandledPromptBehavior: dismiss and notify, webauthn:extension:credBlob: true, webauthn:extension:largeBlob: true, webauthn:virtualAuthenticators: true}
Session ID: 556a95ccb486181abde9634cee92d97e
*** Element info: {Using=xpath, value=a[contains(@class,'mail-NestedList-Item_withToggler')]}
2022-04-05 21:56:58.420 [ main ] - [ INFO  ] [ com.epam.bdd.utaf.core.driver.DriverSingleton : 100 ] - the driver quit
2022-04-05 21:56:58.424 [ main ] - [ INFO  ] [ com.epam.bdd.utaf.core.driver.DriverSingleton : 93 ] - the appium service was stopped
2022-04-05 21:56:58.424 [ main ] - [ INFO  ] [ com.epam.bdd.utaf.core.runners.UTAFTestRunner : 37 ] - Tear down driver chrome
2022-04-05 21:58:09.033 [ main ] - [ INFO  ] [ com.epam.reportportal.service.Launch : 123 ] - Rerun: false
2022-04-05 21:58:09.750 [ main ] - [ INFO  ] [ com.epam.bdd.utaf.core.utils.PropertiesReader : 42 ] - Executing scripts for CHROME on LOCAL environment...
2022-04-05 21:58:09.758 [ main ] - [ INFO  ] [ com.epam.bdd.utaf.core.driver.DriverSingleton : 38 ] - Test platform is: CHROME
2022-04-05 21:58:09.950 [ main ] - [ INFO  ] [ io.github.bonigarcia.wdm.WebDriverManager : 587 ] - Using chromedriver 100.0.4896.60 (resolved driver for Chrome 100)
2022-04-05 21:58:09.972 [ main ] - [ INFO  ] [ io.github.bonigarcia.wdm.WebDriverManager : 639 ] - Exporting webdriver.chrome.driver as C:\Users\sandy_li\.cache\selenium\chromedriver\win32\100.0.4896.60\chromedriver.exe
2022-04-05 21:58:09.974 [ main ] - [ INFO  ] [ com.epam.bdd.utaf.core.utils.PropertiesReader : 42 ] - Executing scripts for CHROME on LOCAL environment...
2022-04-05 21:58:11.977 [ main ] - [ INFO  ] [ com.epam.bdd.utaf.core.driver.DriverSingleton : 52 ] - the current platform is CHROME
2022-04-05 21:58:12.140 [ main ] - [ INFO  ] [ com.epam.bdd.utaf.core.runners.UTAFTestRunner : 29 ] - setUp driver chrome
2022-04-05 21:58:13.015 [ main ] - [ INFO  ] [ com.epam.bdd.utaf.web.steps.wangyi.SignInSteps : 26 ] - Navigate to yandex website
2022-04-05 21:58:13.016 [ main ] - [ INFO  ] [ com.epam.bdd.utaf.core.utils.PropertiesReader : 42 ] - Executing scripts for CHROME on LOCAL environment...
2022-04-05 21:58:13.016 [ main ] - [ INFO  ] [ com.epam.bdd.utaf.core.base.WebBasePage : 44 ] - https://mail.yandex.com/
2022-04-05 21:58:29.564 [ main ] - [ INFO  ] [ com.epam.bdd.utaf.web.steps.wangyi.SignInSteps : 33 ] - Click signin icon
2022-04-05 21:58:34.917 [ main ] - [ INFO  ] [ com.epam.bdd.utaf.web.steps.wangyi.SignInSteps : 40 ] - Input email first
2022-04-05 21:58:35.025 [ main ] - [ INFO  ] [ com.epam.bdd.utaf.core.utils.Utils : 128 ] - Element is visible in 30 seconds on Login Page | [[ChromeDriver: chrome on WINDOWS (45e1a5fcfd64693bca2d508d47168ef0)] -> id: passp-field-login]
2022-04-05 21:58:36.070 [ main ] - [ INFO  ] [ com.epam.bdd.utaf.web.steps.wangyi.SignInSteps : 48 ] - Verify signed in page
2022-04-05 21:59:36.958 [ main ] - [ INFO  ] [ com.epam.bdd.utaf.web.steps.wangyi.SignInSteps : 25 ] - click Compose button
2022-04-05 21:59:37.268 [ main ] - [ INFO  ] [ com.epam.bdd.utaf.web.steps.wangyi.SignInSteps : 32 ] - Input email address
2022-04-05 21:59:45.350 [ main ] - [ INFO  ] [ com.epam.bdd.utaf.web.steps.wangyi.SignInSteps : 38 ] - Input email subject
2022-04-05 21:59:45.474 [ main ] - [ INFO  ] [ com.epam.bdd.utaf.web.steps.wangyi.SignInSteps : 43 ] - Input email text
2022-04-05 21:59:45.672 [ main ] - [ INFO  ] [ com.epam.bdd.utaf.web.steps.wangyi.SignInSteps : 48 ] - I click close button
2022-04-05 21:59:45.780 [ main ] - [ INFO  ] [ com.epam.bdd.utaf.web.steps.wangyi.DraftSteps : 20 ] - click Draft link
2022-04-05 22:00:15.822 [ main ] - [ WARN  ] [ com.epam.bdd.utaf.core.base.WebBasePage : 70 ] - org.openqa.selenium.TimeoutException: Expected condition failed: waiting for com.epam.bdd.utaf.core.base.UTAFBasePage$$Lambda$555/0x00000008010452b0@614d01b (tried for 30 second(s) with 500 milliseconds interval)
2022-04-05 22:00:45.828 [ main ] - [ WARN  ] [ com.epam.bdd.utaf.core.base.WebBasePage : 79 ] - org.openqa.selenium.NoSuchElementException: no such element: Unable to locate element: {"method":"xpath","selector":"a[contains(@class,'mail-NestedList-Item_withToggler')]"}
  (Session info: chrome=100.0.4896.75)
For documentation on this error, please visit: https://www.seleniumhq.org/exceptions/no_such_element.html
Build info: version: '3.141.59', revision: 'e82be7d358', time: '2018-11-14T08:17:03'
System info: host: 'EPCNSZUW1097', ip: '192.168.2.13', os.name: 'Windows 10', os.arch: 'amd64', os.version: '10.0', java.version: '15.0.2'
Driver info: org.openqa.selenium.chrome.ChromeDriver
Capabilities {acceptInsecureCerts: false, browserName: chrome, browserVersion: 100.0.4896.75, chrome: {chromedriverVersion: 100.0.4896.60 (6a5d10861ce8..., userDataDir: C:\Users\sandy_li\AppData\L...}, goog:chromeOptions: {debuggerAddress: localhost:61675}, javascriptEnabled: true, networkConnectionEnabled: false, pageLoadStrategy: normal, platform: WINDOWS, platformName: WINDOWS, proxy: Proxy(), setWindowRect: true, strictFileInteractability: false, timeouts: {implicit: 0, pageLoad: 300000, script: 30000}, unhandledPromptBehavior: dismiss and notify, webauthn:extension:credBlob: true, webauthn:extension:largeBlob: true, webauthn:virtualAuthenticators: true}
Session ID: 45e1a5fcfd64693bca2d508d47168ef0
*** Element info: {Using=xpath, value=a[contains(@class,'mail-NestedList-Item_withToggler')]}
2022-04-05 22:01:16.616 [ main ] - [ INFO  ] [ com.epam.bdd.utaf.core.driver.DriverSingleton : 100 ] - the driver quit
2022-04-05 22:01:16.620 [ main ] - [ INFO  ] [ com.epam.bdd.utaf.core.driver.DriverSingleton : 93 ] - the appium service was stopped
2022-04-05 22:01:16.620 [ main ] - [ INFO  ] [ com.epam.bdd.utaf.core.runners.UTAFTestRunner : 37 ] - Tear down driver chrome
2022-04-05 22:09:27.605 [ main ] - [ INFO  ] [ com.epam.reportportal.service.Launch : 123 ] - Rerun: false
2022-04-05 22:09:28.285 [ main ] - [ INFO  ] [ com.epam.bdd.utaf.core.utils.PropertiesReader : 42 ] - Executing scripts for CHROME on LOCAL environment...
2022-04-05 22:09:28.300 [ main ] - [ INFO  ] [ com.epam.bdd.utaf.core.driver.DriverSingleton : 38 ] - Test platform is: CHROME
2022-04-05 22:09:28.509 [ main ] - [ INFO  ] [ io.github.bonigarcia.wdm.WebDriverManager : 587 ] - Using chromedriver 100.0.4896.60 (resolved driver for Chrome 100)
2022-04-05 22:09:28.535 [ main ] - [ INFO  ] [ io.github.bonigarcia.wdm.WebDriverManager : 639 ] - Exporting webdriver.chrome.driver as C:\Users\sandy_li\.cache\selenium\chromedriver\win32\100.0.4896.60\chromedriver.exe
2022-04-05 22:09:28.538 [ main ] - [ INFO  ] [ com.epam.bdd.utaf.core.utils.PropertiesReader : 42 ] - Executing scripts for CHROME on LOCAL environment...
2022-04-05 22:09:30.313 [ main ] - [ INFO  ] [ com.epam.bdd.utaf.core.driver.DriverSingleton : 52 ] - the current platform is CHROME
2022-04-05 22:09:30.460 [ main ] - [ INFO  ] [ com.epam.bdd.utaf.core.runners.UTAFTestRunner : 29 ] - setUp driver chrome
2022-04-05 22:09:31.127 [ main ] - [ INFO  ] [ com.epam.bdd.utaf.web.steps.wangyi.SignInSteps : 26 ] - Navigate to yandex website
2022-04-05 22:09:31.127 [ main ] - [ INFO  ] [ com.epam.bdd.utaf.core.utils.PropertiesReader : 42 ] - Executing scripts for CHROME on LOCAL environment...
2022-04-05 22:09:31.127 [ main ] - [ INFO  ] [ com.epam.bdd.utaf.core.base.WebBasePage : 44 ] - https://mail.yandex.com/
2022-04-05 22:09:41.875 [ main ] - [ INFO  ] [ com.epam.bdd.utaf.web.steps.wangyi.SignInSteps : 33 ] - Click signin icon
2022-04-05 22:09:47.515 [ main ] - [ INFO  ] [ com.epam.bdd.utaf.web.steps.wangyi.SignInSteps : 40 ] - Input email first
2022-04-05 22:09:47.624 [ main ] - [ INFO  ] [ com.epam.bdd.utaf.core.utils.Utils : 128 ] - Element is visible in 30 seconds on Login Page | [[ChromeDriver: chrome on WINDOWS (0f9763d43ebfd8daedb905a2469f6e4e)] -> id: passp-field-login]
2022-04-05 22:09:48.625 [ main ] - [ INFO  ] [ com.epam.bdd.utaf.web.steps.wangyi.SignInSteps : 48 ] - Verify signed in page
2022-04-05 22:10:27.343 [ main ] - [ INFO  ] [ com.epam.bdd.utaf.web.steps.wangyi.SignInSteps : 25 ] - click Compose button
2022-04-05 22:10:27.656 [ main ] - [ INFO  ] [ com.epam.bdd.utaf.web.steps.wangyi.SignInSteps : 32 ] - Input email address
2022-04-05 22:10:35.057 [ main ] - [ INFO  ] [ com.epam.bdd.utaf.web.steps.wangyi.SignInSteps : 38 ] - Input email subject
2022-04-05 22:10:35.183 [ main ] - [ INFO  ] [ com.epam.bdd.utaf.web.steps.wangyi.SignInSteps : 43 ] - Input email text
2022-04-05 22:10:35.375 [ main ] - [ INFO  ] [ com.epam.bdd.utaf.web.steps.wangyi.SignInSteps : 48 ] - I click close button
2022-04-05 22:10:35.469 [ main ] - [ INFO  ] [ com.epam.bdd.utaf.web.steps.wangyi.DraftSteps : 20 ] - click Draft link
2022-04-05 22:10:35.750 [ main ] - [ INFO  ] [ com.epam.bdd.utaf.web.steps.wangyi.DraftSteps : 27 ] - get the email title in Draft
2022-04-05 22:11:06.545 [ main ] - [ INFO  ] [ com.epam.bdd.utaf.core.driver.DriverSingleton : 100 ] - the driver quit
2022-04-05 22:11:06.549 [ main ] - [ INFO  ] [ com.epam.bdd.utaf.core.driver.DriverSingleton : 93 ] - the appium service was stopped
2022-04-05 22:11:06.549 [ main ] - [ INFO  ] [ com.epam.bdd.utaf.core.runners.UTAFTestRunner : 37 ] - Tear down driver chrome
2022-04-05 22:15:37.470 [ main ] - [ INFO  ] [ com.epam.reportportal.service.Launch : 123 ] - Rerun: false
2022-04-05 22:15:38.229 [ main ] - [ INFO  ] [ com.epam.bdd.utaf.core.utils.PropertiesReader : 42 ] - Executing scripts for CHROME on LOCAL environment...
2022-04-05 22:15:38.236 [ main ] - [ INFO  ] [ com.epam.bdd.utaf.core.driver.DriverSingleton : 38 ] - Test platform is: CHROME
2022-04-05 22:15:38.760 [ main ] - [ INFO  ] [ io.github.bonigarcia.wdm.WebDriverManager : 587 ] - Using chromedriver 100.0.4896.60 (resolved driver for Chrome 100)
2022-04-05 22:15:38.786 [ main ] - [ INFO  ] [ io.github.bonigarcia.wdm.WebDriverManager : 639 ] - Exporting webdriver.chrome.driver as C:\Users\sandy_li\.cache\selenium\chromedriver\win32\100.0.4896.60\chromedriver.exe
2022-04-05 22:15:38.788 [ main ] - [ INFO  ] [ com.epam.bdd.utaf.core.utils.PropertiesReader : 42 ] - Executing scripts for CHROME on LOCAL environment...
2022-04-05 22:15:40.587 [ main ] - [ INFO  ] [ com.epam.bdd.utaf.core.driver.DriverSingleton : 52 ] - the current platform is CHROME
2022-04-05 22:15:40.734 [ main ] - [ INFO  ] [ com.epam.bdd.utaf.core.runners.UTAFTestRunner : 29 ] - setUp driver chrome
2022-04-05 22:15:41.544 [ main ] - [ INFO  ] [ com.epam.bdd.utaf.web.steps.wangyi.SignInSteps : 26 ] - Navigate to yandex website
2022-04-05 22:15:41.544 [ main ] - [ INFO  ] [ com.epam.bdd.utaf.core.utils.PropertiesReader : 42 ] - Executing scripts for CHROME on LOCAL environment...
2022-04-05 22:15:41.545 [ main ] - [ INFO  ] [ com.epam.bdd.utaf.core.base.WebBasePage : 44 ] - https://mail.yandex.com/
2022-04-05 22:15:49.927 [ main ] - [ INFO  ] [ com.epam.bdd.utaf.web.steps.wangyi.SignInSteps : 33 ] - Click signin icon
2022-04-05 22:15:55.587 [ main ] - [ INFO  ] [ com.epam.bdd.utaf.web.steps.wangyi.SignInSteps : 40 ] - Input email first
2022-04-05 22:15:55.722 [ main ] - [ INFO  ] [ com.epam.bdd.utaf.core.utils.Utils : 128 ] - Element is visible in 30 seconds on Login Page | [[ChromeDriver: chrome on WINDOWS (a8157f575ccbd469ee73179f9bf0aff9)] -> id: passp-field-login]
2022-04-05 22:15:57.257 [ main ] - [ INFO  ] [ com.epam.bdd.utaf.web.steps.wangyi.SignInSteps : 48 ] - Verify signed in page
2022-04-05 22:16:54.944 [ main ] - [ INFO  ] [ com.epam.bdd.utaf.web.steps.wangyi.SignInSteps : 25 ] - click Compose button
2022-04-05 22:16:55.270 [ main ] - [ INFO  ] [ com.epam.bdd.utaf.web.steps.wangyi.SignInSteps : 32 ] - Input email address
2022-04-05 22:17:08.584 [ main ] - [ INFO  ] [ com.epam.bdd.utaf.web.steps.wangyi.SignInSteps : 38 ] - Input email subject
2022-04-05 22:17:08.704 [ main ] - [ INFO  ] [ com.epam.bdd.utaf.web.steps.wangyi.SignInSteps : 43 ] - Input email text
2022-04-05 22:17:08.891 [ main ] - [ INFO  ] [ com.epam.bdd.utaf.web.steps.wangyi.SignInSteps : 48 ] - I click close button
2022-04-05 22:17:08.986 [ main ] - [ INFO  ] [ com.epam.bdd.utaf.web.steps.wangyi.DraftSteps : 20 ] - click Draft link
2022-04-05 22:17:09.269 [ main ] - [ INFO  ] [ com.epam.bdd.utaf.web.steps.wangyi.DraftSteps : 27 ] - get the email title in Draft
2022-04-05 22:17:10.025 [ main ] - [ INFO  ] [ com.epam.bdd.utaf.core.driver.DriverSingleton : 100 ] - the driver quit
2022-04-05 22:17:10.028 [ main ] - [ INFO  ] [ com.epam.bdd.utaf.core.driver.DriverSingleton : 93 ] - the appium service was stopped
2022-04-05 22:17:10.028 [ main ] - [ INFO  ] [ com.epam.bdd.utaf.core.runners.UTAFTestRunner : 37 ] - Tear down driver chrome
2022-04-05 22:33:15.156 [ main ] - [ INFO  ] [ com.epam.reportportal.service.Launch : 123 ] - Rerun: false
2022-04-05 22:33:16.077 [ main ] - [ INFO  ] [ com.epam.bdd.utaf.core.utils.PropertiesReader : 42 ] - Executing scripts for CHROME on LOCAL environment...
2022-04-05 22:33:16.092 [ main ] - [ INFO  ] [ com.epam.bdd.utaf.core.driver.DriverSingleton : 38 ] - Test platform is: CHROME
2022-04-05 22:33:16.321 [ main ] - [ INFO  ] [ io.github.bonigarcia.wdm.WebDriverManager : 587 ] - Using chromedriver 100.0.4896.60 (resolved driver for Chrome 100)
2022-04-05 22:33:16.346 [ main ] - [ INFO  ] [ io.github.bonigarcia.wdm.WebDriverManager : 639 ] - Exporting webdriver.chrome.driver as C:\Users\sandy_li\.cache\selenium\chromedriver\win32\100.0.4896.60\chromedriver.exe
2022-04-05 22:33:16.348 [ main ] - [ INFO  ] [ com.epam.bdd.utaf.core.utils.PropertiesReader : 42 ] - Executing scripts for CHROME on LOCAL environment...
2022-04-05 22:33:18.547 [ main ] - [ INFO  ] [ com.epam.bdd.utaf.core.driver.DriverSingleton : 52 ] - the current platform is CHROME
2022-04-05 22:33:18.706 [ main ] - [ INFO  ] [ com.epam.bdd.utaf.core.runners.UTAFTestRunner : 29 ] - setUp driver chrome
2022-04-05 22:33:19.572 [ main ] - [ INFO  ] [ com.epam.bdd.utaf.web.steps.wangyi.SignInSteps : 26 ] - Navigate to yandex website
2022-04-05 22:33:19.572 [ main ] - [ INFO  ] [ com.epam.bdd.utaf.core.utils.PropertiesReader : 42 ] - Executing scripts for CHROME on LOCAL environment...
2022-04-05 22:33:19.573 [ main ] - [ INFO  ] [ com.epam.bdd.utaf.core.base.WebBasePage : 44 ] - https://mail.yandex.com/
2022-04-05 22:33:29.365 [ main ] - [ INFO  ] [ com.epam.bdd.utaf.web.steps.wangyi.SignInSteps : 33 ] - Click signin icon
2022-04-05 22:33:43.574 [ main ] - [ INFO  ] [ com.epam.bdd.utaf.web.steps.wangyi.SignInSteps : 40 ] - Input email first
2022-04-05 22:33:43.692 [ main ] - [ INFO  ] [ com.epam.bdd.utaf.core.utils.Utils : 128 ] - Element is visible in 30 seconds on Login Page | [[ChromeDriver: chrome on WINDOWS (bfe1c03c27116058b60db03b3e7a54f0)] -> id: passp-field-login]
2022-04-05 22:34:13.986 [ main ] - [ WARN  ] [ com.epam.bdd.utaf.core.base.WebBasePage : 70 ] - org.openqa.selenium.TimeoutException: Expected condition failed: waiting for com.epam.bdd.utaf.core.base.UTAFBasePage$$Lambda$555/0x0000000801045270@52c2d1e8 (tried for 30 second(s) with 500 milliseconds interval)
2022-04-05 22:34:33.102 [ main ] - [ INFO  ] [ com.epam.bdd.utaf.web.steps.wangyi.SignInSteps : 48 ] - Verify signed in page
2022-04-05 22:35:03.230 [ main ] - [ INFO  ] [ com.epam.bdd.utaf.web.steps.wangyi.SignInSteps : 25 ] - click Compose button
2022-04-05 22:35:33.253 [ main ] - [ WARN  ] [ com.epam.bdd.utaf.core.base.WebBasePage : 70 ] - org.openqa.selenium.TimeoutException: Expected condition failed: waiting for com.epam.bdd.utaf.core.base.UTAFBasePage$$Lambda$555/0x0000000801045270@56e9126f (tried for 30 second(s) with 500 milliseconds interval)
2022-04-05 22:36:03.308 [ main ] - [ WARN  ] [ com.epam.bdd.utaf.core.base.WebBasePage : 79 ] - org.openqa.selenium.NoSuchElementException: no such element: Unable to locate element: {"method":"css selector","selector":".mail\-ComposeButton\-Text"}
  (Session info: chrome=100.0.4896.75)
For documentation on this error, please visit: https://www.seleniumhq.org/exceptions/no_such_element.html
Build info: version: '3.141.59', revision: 'e82be7d358', time: '2018-11-14T08:17:03'
System info: host: 'EPCNSZUW1097', ip: '192.168.2.13', os.name: 'Windows 10', os.arch: 'amd64', os.version: '10.0', java.version: '15.0.2'
Driver info: org.openqa.selenium.chrome.ChromeDriver
Capabilities {acceptInsecureCerts: false, browserName: chrome, browserVersion: 100.0.4896.75, chrome: {chromedriverVersion: 100.0.4896.60 (6a5d10861ce8..., userDataDir: C:\Users\sandy_li\AppData\L...}, goog:chromeOptions: {debuggerAddress: localhost:65484}, javascriptEnabled: true, networkConnectionEnabled: false, pageLoadStrategy: normal, platform: WINDOWS, platformName: WINDOWS, proxy: Proxy(), setWindowRect: true, strictFileInteractability: false, timeouts: {implicit: 0, pageLoad: 300000, script: 30000}, unhandledPromptBehavior: dismiss and notify, webauthn:extension:credBlob: true, webauthn:extension:largeBlob: true, webauthn:virtualAuthenticators: true}
Session ID: bfe1c03c27116058b60db03b3e7a54f0
*** Element info: {Using=class name, value=mail-ComposeButton-Text}
2022-04-05 22:36:33.383 [ main ] - [ INFO  ] [ com.epam.bdd.utaf.web.steps.wangyi.DraftSteps : 21 ] - click Draft link
2022-04-05 22:37:08.212 [ main ] - [ INFO  ] [ com.epam.reportportal.service.Launch : 123 ] - Rerun: false
2022-04-05 22:37:08.873 [ main ] - [ INFO  ] [ com.epam.bdd.utaf.core.utils.PropertiesReader : 42 ] - Executing scripts for CHROME on LOCAL environment...
2022-04-05 22:37:08.880 [ main ] - [ INFO  ] [ com.epam.bdd.utaf.core.driver.DriverSingleton : 38 ] - Test platform is: CHROME
2022-04-05 22:37:09.055 [ main ] - [ INFO  ] [ io.github.bonigarcia.wdm.WebDriverManager : 587 ] - Using chromedriver 100.0.4896.60 (resolved driver for Chrome 100)
2022-04-05 22:37:09.073 [ main ] - [ INFO  ] [ io.github.bonigarcia.wdm.WebDriverManager : 639 ] - Exporting webdriver.chrome.driver as C:\Users\sandy_li\.cache\selenium\chromedriver\win32\100.0.4896.60\chromedriver.exe
2022-04-05 22:37:09.076 [ main ] - [ INFO  ] [ com.epam.bdd.utaf.core.utils.PropertiesReader : 42 ] - Executing scripts for CHROME on LOCAL environment...
2022-04-05 22:37:10.865 [ main ] - [ INFO  ] [ com.epam.bdd.utaf.core.driver.DriverSingleton : 52 ] - the current platform is CHROME
2022-04-05 22:37:11.011 [ main ] - [ INFO  ] [ com.epam.bdd.utaf.core.runners.UTAFTestRunner : 29 ] - setUp driver chrome
2022-04-05 22:37:11.708 [ main ] - [ INFO  ] [ com.epam.bdd.utaf.web.steps.wangyi.SignInSteps : 26 ] - Navigate to yandex website
2022-04-05 22:37:11.709 [ main ] - [ INFO  ] [ com.epam.bdd.utaf.core.utils.PropertiesReader : 42 ] - Executing scripts for CHROME on LOCAL environment...
2022-04-05 22:37:11.709 [ main ] - [ INFO  ] [ com.epam.bdd.utaf.core.base.WebBasePage : 44 ] - https://mail.yandex.com/
2022-04-05 22:37:17.448 [ main ] - [ INFO  ] [ com.epam.bdd.utaf.web.steps.wangyi.SignInSteps : 33 ] - Click signin icon
2022-04-05 22:37:24.640 [ main ] - [ INFO  ] [ com.epam.bdd.utaf.web.steps.wangyi.SignInSteps : 40 ] - Input email first
2022-04-05 22:37:24.751 [ main ] - [ INFO  ] [ com.epam.bdd.utaf.core.utils.Utils : 128 ] - Element is visible in 30 seconds on Login Page | [[ChromeDriver: chrome on WINDOWS (e70f2e92b0bdb8181b73fe40473df5c7)] -> id: passp-field-login]
2022-04-05 22:37:26.483 [ main ] - [ INFO  ] [ com.epam.bdd.utaf.web.steps.wangyi.SignInSteps : 48 ] - Verify signed in page
2022-04-05 22:37:56.638 [ main ] - [ INFO  ] [ com.epam.bdd.utaf.web.steps.wangyi.SignInSteps : 25 ] - click Compose button
2022-04-05 22:38:26.659 [ main ] - [ WARN  ] [ com.epam.bdd.utaf.core.base.WebBasePage : 70 ] - org.openqa.selenium.TimeoutException: Expected condition failed: waiting for com.epam.bdd.utaf.core.base.UTAFBasePage$$Lambda$555/0x00000008010451f8@57eb2555 (tried for 30 second(s) with 500 milliseconds interval)
2022-04-05 22:39:07.898 [ main ] - [ INFO  ] [ com.epam.bdd.utaf.web.steps.wangyi.SignInSteps : 32 ] - Input email address
2022-04-05 22:39:17.738 [ main ] - [ INFO  ] [ com.epam.bdd.utaf.web.steps.wangyi.SignInSteps : 38 ] - Input email subject
2022-04-05 22:39:17.899 [ main ] - [ INFO  ] [ com.epam.bdd.utaf.web.steps.wangyi.SignInSteps : 43 ] - Input email text
2022-04-05 22:39:18.124 [ main ] - [ INFO  ] [ com.epam.bdd.utaf.web.steps.wangyi.SignInSteps : 48 ] - I click close button
2022-04-05 22:39:19.243 [ main ] - [ WARN  ] [ com.epam.bdd.utaf.core.base.WebBasePage : 79 ] - org.openqa.selenium.ElementClickInterceptedException: element click intercepted: Element <div class="ControlButton ControlButton_button_close">...</div> is not clickable at point (1249, 546). Other element would receive the click: <div class="composeReact__footer">...</div>
  (Session info: chrome=100.0.4896.75)
Build info: version: '3.141.59', revision: 'e82be7d358', time: '2018-11-14T08:17:03'
System info: host: 'EPCNSZUW1097', ip: '192.168.2.13', os.name: 'Windows 10', os.arch: 'amd64', os.version: '10.0', java.version: '15.0.2'
Driver info: org.openqa.selenium.chrome.ChromeDriver
Capabilities {acceptInsecureCerts: false, browserName: chrome, browserVersion: 100.0.4896.75, chrome: {chromedriverVersion: 100.0.4896.60 (6a5d10861ce8..., userDataDir: C:\Users\sandy_li\AppData\L...}, goog:chromeOptions: {debuggerAddress: localhost:49693}, javascriptEnabled: true, networkConnectionEnabled: false, pageLoadStrategy: normal, platform: WINDOWS, platformName: WINDOWS, proxy: Proxy(), setWindowRect: true, strictFileInteractability: false, timeouts: {implicit: 0, pageLoad: 300000, script: 30000}, unhandledPromptBehavior: dismiss and notify, webauthn:extension:credBlob: true, webauthn:extension:largeBlob: true, webauthn:virtualAuthenticators: true}
Session ID: e70f2e92b0bdb8181b73fe40473df5c7
2022-04-05 22:39:19.271 [ main ] - [ INFO  ] [ com.epam.bdd.utaf.web.steps.wangyi.DraftSteps : 21 ] - click Draft link
2022-04-05 22:39:19.552 [ main ] - [ INFO  ] [ com.epam.bdd.utaf.web.steps.wangyi.DraftSteps : 28 ] - get the email title in Draft
2022-04-05 22:39:19.576 [ main ] - [ INFO  ] [ com.epam.bdd.utaf.web.steps.wangyi.DraftSteps : 33 ] - click the send button
2022-04-05 22:39:19.593 [ main ] - [ INFO  ] [ com.epam.bdd.utaf.web.steps.wangyi.DraftSteps : 38 ] - check the sent email in inbox
2022-04-05 22:39:20.427 [ main ] - [ INFO  ] [ com.epam.bdd.utaf.core.driver.DriverSingleton : 100 ] - the driver quit
2022-04-05 22:39:20.431 [ main ] - [ INFO  ] [ com.epam.bdd.utaf.core.driver.DriverSingleton : 93 ] - the appium service was stopped
2022-04-05 22:39:20.431 [ main ] - [ INFO  ] [ com.epam.bdd.utaf.core.runners.UTAFTestRunner : 37 ] - Tear down driver chrome
2022-04-05 23:06:34.323 [ main ] - [ INFO  ] [ com.epam.reportportal.service.Launch : 123 ] - Rerun: false
2022-04-05 23:06:35.209 [ main ] - [ INFO  ] [ com.epam.bdd.utaf.core.utils.PropertiesReader : 42 ] - Executing scripts for CHROME on LOCAL environment...
2022-04-05 23:06:35.222 [ main ] - [ INFO  ] [ com.epam.bdd.utaf.core.driver.DriverSingleton : 38 ] - Test platform is: CHROME
2022-04-05 23:06:35.414 [ main ] - [ INFO  ] [ io.github.bonigarcia.wdm.WebDriverManager : 587 ] - Using chromedriver 100.0.4896.60 (resolved driver for Chrome 100)
2022-04-05 23:06:35.435 [ main ] - [ INFO  ] [ io.github.bonigarcia.wdm.WebDriverManager : 639 ] - Exporting webdriver.chrome.driver as C:\Users\sandy_li\.cache\selenium\chromedriver\win32\100.0.4896.60\chromedriver.exe
2022-04-05 23:06:35.437 [ main ] - [ INFO  ] [ com.epam.bdd.utaf.core.utils.PropertiesReader : 42 ] - Executing scripts for CHROME on LOCAL environment...
2022-04-05 23:06:37.186 [ main ] - [ INFO  ] [ com.epam.bdd.utaf.core.driver.DriverSingleton : 52 ] - the current platform is CHROME
2022-04-05 23:06:37.374 [ main ] - [ INFO  ] [ com.epam.bdd.utaf.core.runners.UTAFTestRunner : 29 ] - setUp driver chrome
2022-04-05 23:06:38.014 [ main ] - [ INFO  ] [ com.epam.bdd.utaf.web.steps.wangyi.SignInSteps : 25 ] - click Compose button
2022-04-05 23:07:08.073 [ main ] - [ WARN  ] [ com.epam.bdd.utaf.core.base.WebBasePage : 70 ] - org.openqa.selenium.TimeoutException: Expected condition failed: waiting for com.epam.bdd.utaf.core.base.UTAFBasePage$$Lambda$543/0x00000008010408e0@350d9d23 (tried for 30 second(s) with 500 milliseconds interval)
2022-04-05 23:07:38.102 [ main ] - [ WARN  ] [ com.epam.bdd.utaf.core.base.WebBasePage : 79 ] - org.openqa.selenium.NoSuchElementException: no such element: Unable to locate element: {"method":"css selector","selector":".mail\-ComposeButton\-Text"}
  (Session info: chrome=100.0.4896.75)
For documentation on this error, please visit: https://www.seleniumhq.org/exceptions/no_such_element.html
Build info: version: '3.141.59', revision: 'e82be7d358', time: '2018-11-14T08:17:03'
System info: host: 'EPCNSZUW1097', ip: '192.168.2.13', os.name: 'Windows 10', os.arch: 'amd64', os.version: '10.0', java.version: '15.0.2'
Driver info: org.openqa.selenium.chrome.ChromeDriver
Capabilities {acceptInsecureCerts: false, browserName: chrome, browserVersion: 100.0.4896.75, chrome: {chromedriverVersion: 100.0.4896.60 (6a5d10861ce8..., userDataDir: C:\Users\sandy_li\AppData\L...}, goog:chromeOptions: {debuggerAddress: localhost:52432}, javascriptEnabled: true, networkConnectionEnabled: false, pageLoadStrategy: normal, platform: WINDOWS, platformName: WINDOWS, proxy: Proxy(), setWindowRect: true, strictFileInteractability: false, timeouts: {implicit: 0, pageLoad: 300000, script: 30000}, unhandledPromptBehavior: dismiss and notify, webauthn:extension:credBlob: true, webauthn:extension:largeBlob: true, webauthn:virtualAuthenticators: true}
Session ID: a9b5da7615c9e431d16698c74fa9834d
*** Element info: {Using=class name, value=mail-ComposeButton-Text}
2022-04-05 23:13:26.399 [ main ] - [ INFO  ] [ com.epam.reportportal.service.Launch : 123 ] - Rerun: false
2022-04-05 23:13:27.321 [ main ] - [ INFO  ] [ com.epam.bdd.utaf.core.utils.PropertiesReader : 42 ] - Executing scripts for CHROME on LOCAL environment...
2022-04-05 23:13:27.331 [ main ] - [ INFO  ] [ com.epam.bdd.utaf.core.driver.DriverSingleton : 38 ] - Test platform is: CHROME
2022-04-05 23:13:27.581 [ main ] - [ INFO  ] [ io.github.bonigarcia.wdm.WebDriverManager : 587 ] - Using chromedriver 100.0.4896.60 (resolved driver for Chrome 100)
2022-04-05 23:13:27.614 [ main ] - [ INFO  ] [ io.github.bonigarcia.wdm.WebDriverManager : 639 ] - Exporting webdriver.chrome.driver as C:\Users\sandy_li\.cache\selenium\chromedriver\win32\100.0.4896.60\chromedriver.exe
2022-04-05 23:13:27.616 [ main ] - [ INFO  ] [ com.epam.bdd.utaf.core.utils.PropertiesReader : 42 ] - Executing scripts for CHROME on LOCAL environment...
2022-04-05 23:13:29.949 [ main ] - [ INFO  ] [ com.epam.bdd.utaf.core.driver.DriverSingleton : 52 ] - the current platform is CHROME
2022-04-05 23:13:30.109 [ main ] - [ INFO  ] [ com.epam.bdd.utaf.core.runners.UTAFTestRunner : 29 ] - setUp driver chrome
2022-04-05 23:13:31.055 [ main ] - [ INFO  ] [ com.epam.bdd.utaf.web.steps.wangyi.SignInSteps : 26 ] - Navigate to yandex website
2022-04-05 23:13:31.055 [ main ] - [ INFO  ] [ com.epam.bdd.utaf.core.utils.PropertiesReader : 42 ] - Executing scripts for CHROME on LOCAL environment...
2022-04-05 23:13:31.056 [ main ] - [ INFO  ] [ com.epam.bdd.utaf.core.base.WebBasePage : 44 ] - https://mail.yandex.com/
2022-04-05 23:13:38.239 [ main ] - [ INFO  ] [ com.epam.bdd.utaf.web.steps.wangyi.SignInSteps : 33 ] - Click signin icon
2022-04-05 23:13:48.924 [ main ] - [ INFO  ] [ com.epam.bdd.utaf.web.steps.wangyi.SignInSteps : 40 ] - Input email first
2022-04-05 23:13:49.026 [ main ] - [ INFO  ] [ com.epam.bdd.utaf.core.utils.Utils : 128 ] - Element is visible in 30 seconds on Login Page | [[ChromeDriver: chrome on WINDOWS (fe79eb464779f2ba023e57f7f9133ca8)] -> id: passp-field-login]
2022-04-05 23:13:50.051 [ main ] - [ INFO  ] [ com.epam.bdd.utaf.web.steps.wangyi.SignInSteps : 48 ] - Verify signed in page
2022-04-05 23:15:10.098 [ main ] - [ INFO  ] [ com.epam.bdd.utaf.web.steps.wangyi.SignInSteps : 25 ] - click Compose button
2022-04-05 23:15:33.206 [ main ] - [ INFO  ] [ com.epam.bdd.utaf.web.steps.wangyi.SignInSteps : 32 ] - Input email address
2022-04-05 23:15:33.638 [ main ] - [ INFO  ] [ com.epam.bdd.utaf.web.steps.wangyi.SignInSteps : 38 ] - Input email subject
2022-04-05 23:15:33.757 [ main ] - [ INFO  ] [ com.epam.bdd.utaf.web.steps.wangyi.SignInSteps : 43 ] - Input email text
2022-04-05 23:15:33.926 [ main ] - [ INFO  ] [ com.epam.bdd.utaf.web.steps.wangyi.SignInSteps : 48 ] - I click close button
2022-04-05 23:15:35.015 [ main ] - [ WARN  ] [ com.epam.bdd.utaf.core.base.WebBasePage : 79 ] - org.openqa.selenium.ElementClickInterceptedException: element click intercepted: Element <div class="ControlButton ControlButton_button_close">...</div> is not clickable at point (1249, 546). Other element would receive the click: <div class="composeReact__footer">...</div>
  (Session info: chrome=100.0.4896.75)
Build info: version: '3.141.59', revision: 'e82be7d358', time: '2018-11-14T08:17:03'
System info: host: 'EPCNSZUW1097', ip: '192.168.2.13', os.name: 'Windows 10', os.arch: 'amd64', os.version: '10.0', java.version: '15.0.2'
Driver info: org.openqa.selenium.chrome.ChromeDriver
Capabilities {acceptInsecureCerts: false, browserName: chrome, browserVersion: 100.0.4896.75, chrome: {chromedriverVersion: 100.0.4896.60 (6a5d10861ce8..., userDataDir: C:\Users\sandy_li\AppData\L...}, goog:chromeOptions: {debuggerAddress: localhost:53262}, javascriptEnabled: true, networkConnectionEnabled: false, pageLoadStrategy: normal, platform: WINDOWS, platformName: WINDOWS, proxy: Proxy(), setWindowRect: true, strictFileInteractability: false, timeouts: {implicit: 0, pageLoad: 300000, script: 30000}, unhandledPromptBehavior: dismiss and notify, webauthn:extension:credBlob: true, webauthn:extension:largeBlob: true, webauthn:virtualAuthenticators: true}
Session ID: fe79eb464779f2ba023e57f7f9133ca8
2022-04-05 23:15:35.047 [ main ] - [ INFO  ] [ com.epam.bdd.utaf.web.steps.wangyi.DraftSteps : 21 ] - click Draft link
2022-04-05 23:15:35.333 [ main ] - [ INFO  ] [ com.epam.bdd.utaf.web.steps.wangyi.DraftSteps : 28 ] - get the email title in Draft
2022-04-05 23:15:35.363 [ main ] - [ INFO  ] [ com.epam.bdd.utaf.web.steps.wangyi.DraftSteps : 35 ] - click the send button
2022-04-05 23:15:35.389 [ main ] - [ INFO  ] [ com.epam.bdd.utaf.web.steps.wangyi.SendEmailSteps : 19 ] - check the sent email in inbox
2022-04-05 23:15:36.193 [ main ] - [ INFO  ] [ com.epam.bdd.utaf.core.driver.DriverSingleton : 100 ] - the driver quit
2022-04-05 23:15:36.197 [ main ] - [ INFO  ] [ com.epam.bdd.utaf.core.driver.DriverSingleton : 93 ] - the appium service was stopped
2022-04-05 23:15:36.197 [ main ] - [ INFO  ] [ com.epam.bdd.utaf.core.runners.UTAFTestRunner : 37 ] - Tear down driver chrome
2022-04-05 23:45:23.088 [ main ] - [ INFO  ] [ com.epam.reportportal.service.Launch : 123 ] - Rerun: false
2022-04-05 23:45:23.758 [ main ] - [ INFO  ] [ com.epam.bdd.utaf.core.utils.PropertiesReader : 42 ] - Executing scripts for CHROME on LOCAL environment...
2022-04-05 23:45:23.765 [ main ] - [ INFO  ] [ com.epam.bdd.utaf.core.driver.DriverSingleton : 38 ] - Test platform is: CHROME
2022-04-05 23:45:24.230 [ main ] - [ INFO  ] [ io.github.bonigarcia.wdm.WebDriverManager : 587 ] - Using chromedriver 100.0.4896.60 (resolved driver for Chrome 100)
2022-04-05 23:45:24.254 [ main ] - [ INFO  ] [ io.github.bonigarcia.wdm.WebDriverManager : 639 ] - Exporting webdriver.chrome.driver as C:\Users\sandy_li\.cache\selenium\chromedriver\win32\100.0.4896.60\chromedriver.exe
2022-04-05 23:45:24.256 [ main ] - [ INFO  ] [ com.epam.bdd.utaf.core.utils.PropertiesReader : 42 ] - Executing scripts for CHROME on LOCAL environment...
2022-04-05 23:45:26.444 [ main ] - [ INFO  ] [ com.epam.bdd.utaf.core.driver.DriverSingleton : 52 ] - the current platform is CHROME
2022-04-05 23:45:26.592 [ main ] - [ INFO  ] [ com.epam.bdd.utaf.core.runners.UTAFTestRunner : 29 ] - setUp driver chrome
2022-04-05 23:45:27.431 [ main ] - [ INFO  ] [ com.epam.bdd.utaf.web.steps.wangyi.SignInSteps : 26 ] - Navigate to yandex website
2022-04-05 23:45:27.432 [ main ] - [ INFO  ] [ com.epam.bdd.utaf.core.utils.PropertiesReader : 42 ] - Executing scripts for CHROME on LOCAL environment...
2022-04-05 23:45:27.433 [ main ] - [ INFO  ] [ com.epam.bdd.utaf.core.base.WebBasePage : 44 ] - https://mail.yandex.com/
2022-04-05 23:45:33.617 [ main ] - [ INFO  ] [ com.epam.bdd.utaf.web.steps.wangyi.SignInSteps : 33 ] - Click signin icon
2022-04-05 23:45:39.548 [ main ] - [ INFO  ] [ com.epam.bdd.utaf.web.steps.wangyi.SignInSteps : 40 ] - Input email first
2022-04-05 23:45:39.649 [ main ] - [ INFO  ] [ com.epam.bdd.utaf.core.utils.Utils : 128 ] - Element is visible in 30 seconds on Login Page | [[ChromeDriver: chrome on WINDOWS (e0dee88e2c34fd039501840685872557)] -> id: passp-field-login]
2022-04-05 23:45:40.699 [ main ] - [ INFO  ] [ com.epam.bdd.utaf.web.steps.wangyi.SignInSteps : 48 ] - Verify signed in page
2022-04-05 23:46:21.054 [ main ] - [ INFO  ] [ com.epam.bdd.utaf.web.steps.wangyi.SignInSteps : 25 ] - click Compose button
2022-04-05 23:46:33.256 [ main ] - [ INFO  ] [ com.epam.bdd.utaf.web.steps.wangyi.SignInSteps : 32 ] - Input email address
2022-04-05 23:46:33.622 [ main ] - [ INFO  ] [ com.epam.bdd.utaf.web.steps.wangyi.SignInSteps : 38 ] - Input email subject
2022-04-05 23:46:33.746 [ main ] - [ INFO  ] [ com.epam.bdd.utaf.web.steps.wangyi.SignInSteps : 43 ] - Input email text
2022-04-05 23:46:33.944 [ main ] - [ INFO  ] [ com.epam.bdd.utaf.web.steps.wangyi.SignInSteps : 48 ] - I click close button
2022-04-05 23:46:35.031 [ main ] - [ WARN  ] [ com.epam.bdd.utaf.core.base.WebBasePage : 79 ] - org.openqa.selenium.ElementClickInterceptedException: element click intercepted: Element <div class="ControlButton ControlButton_button_close">...</div> is not clickable at point (1249, 546). Other element would receive the click: <div class="composeReact__footer">...</div>
  (Session info: chrome=100.0.4896.75)
Build info: version: '3.141.59', revision: 'e82be7d358', time: '2018-11-14T08:17:03'
System info: host: 'EPCNSZUW1097', ip: '192.168.2.13', os.name: 'Windows 10', os.arch: 'amd64', os.version: '10.0', java.version: '15.0.2'
Driver info: org.openqa.selenium.chrome.ChromeDriver
Capabilities {acceptInsecureCerts: false, browserName: chrome, browserVersion: 100.0.4896.75, chrome: {chromedriverVersion: 100.0.4896.60 (6a5d10861ce8..., userDataDir: C:\Users\sandy_li\AppData\L...}, goog:chromeOptions: {debuggerAddress: localhost:56211}, javascriptEnabled: true, networkConnectionEnabled: false, pageLoadStrategy: normal, platform: WINDOWS, platformName: WINDOWS, proxy: Proxy(), setWindowRect: true, strictFileInteractability: false, timeouts: {implicit: 0, pageLoad: 300000, script: 30000}, unhandledPromptBehavior: dismiss and notify, webauthn:extension:credBlob: true, webauthn:extension:largeBlob: true, webauthn:virtualAuthenticators: true}
Session ID: e0dee88e2c34fd039501840685872557
2022-04-05 23:46:35.057 [ main ] - [ INFO  ] [ com.epam.bdd.utaf.web.steps.wangyi.DraftSteps : 22 ] - click Draft link
2022-04-05 23:46:35.393 [ main ] - [ INFO  ] [ com.epam.bdd.utaf.web.steps.wangyi.DraftSteps : 29 ] - get the email title in Draft
2022-04-05 23:46:35.420 [ main ] - [ INFO  ] [ com.epam.bdd.utaf.web.steps.wangyi.DraftSteps : 36 ] - click the send button
2022-04-05 23:46:35.438 [ main ] - [ INFO  ] [ com.epam.bdd.utaf.web.steps.wangyi.DraftSteps : 41 ] - check the email deleted from draft
2022-04-05 23:46:35.533 [ main ] - [ INFO  ] [ com.epam.bdd.utaf.web.steps.wangyi.SendEmailSteps : 21 ] - check the sent email in inbox
2022-04-05 23:47:05.585 [ main ] - [ WARN  ] [ com.epam.bdd.utaf.core.base.WebBasePage : 70 ] - org.openqa.selenium.TimeoutException: Expected condition failed: waiting for com.epam.bdd.utaf.core.base.UTAFBasePage$$Lambda$555/0x0000000801046148@4400026 (tried for 30 second(s) with 500 milliseconds interval)
2022-04-05 23:47:35.626 [ main ] - [ WARN  ] [ com.epam.bdd.utaf.core.base.WebBasePage : 79 ] - org.openqa.selenium.NoSuchElementException: no such element: Unable to locate element: {"method":"xpath","selector":"//a[@class = 'ns-view-system-folder ns-view-id-114 mail-NestedList-Item mail-NestedList-Item_level_1 toggles-Arrow-on-not-folded js-folders-item js-valid-drag-target fid-4 js-fid-4 mail-NestedList-Item_current']"}
  (Session info: chrome=100.0.4896.75)
For documentation on this error, please visit: https://www.seleniumhq.org/exceptions/no_such_element.html
Build info: version: '3.141.59', revision: 'e82be7d358', time: '2018-11-14T08:17:03'
System info: host: 'EPCNSZUW1097', ip: '192.168.2.13', os.name: 'Windows 10', os.arch: 'amd64', os.version: '10.0', java.version: '15.0.2'
Driver info: org.openqa.selenium.chrome.ChromeDriver
Capabilities {acceptInsecureCerts: false, browserName: chrome, browserVersion: 100.0.4896.75, chrome: {chromedriverVersion: 100.0.4896.60 (6a5d10861ce8..., userDataDir: C:\Users\sandy_li\AppData\L...}, goog:chromeOptions: {debuggerAddress: localhost:56211}, javascriptEnabled: true, networkConnectionEnabled: false, pageLoadStrategy: normal, platform: WINDOWS, platformName: WINDOWS, proxy: Proxy(), setWindowRect: true, strictFileInteractability: false, timeouts: {implicit: 0, pageLoad: 300000, script: 30000}, unhandledPromptBehavior: dismiss and notify, webauthn:extension:credBlob: true, webauthn:extension:largeBlob: true, webauthn:virtualAuthenticators: true}
Session ID: e0dee88e2c34fd039501840685872557
*** Element info: {Using=xpath, value=//a[@class = 'ns-view-system-folder ns-view-id-114 mail-NestedList-Item mail-NestedList-Item_level_1 toggles-Arrow-on-not-folded js-folders-item js-valid-drag-target fid-4 js-fid-4 mail-NestedList-Item_current']}
2022-04-05 23:48:06.437 [ main ] - [ INFO  ] [ com.epam.bdd.utaf.core.driver.DriverSingleton : 100 ] - the driver quit
2022-04-05 23:48:06.440 [ main ] - [ INFO  ] [ com.epam.bdd.utaf.core.driver.DriverSingleton : 93 ] - the appium service was stopped
2022-04-05 23:48:06.440 [ main ] - [ INFO  ] [ com.epam.bdd.utaf.core.runners.UTAFTestRunner : 37 ] - Tear down driver chrome
2022-04-05 23:53:21.007 [ main ] - [ INFO  ] [ com.epam.reportportal.service.Launch : 123 ] - Rerun: false
2022-04-05 23:53:21.957 [ main ] - [ INFO  ] [ com.epam.bdd.utaf.core.utils.PropertiesReader : 42 ] - Executing scripts for CHROME on LOCAL environment...
2022-04-05 23:53:21.965 [ main ] - [ INFO  ] [ com.epam.bdd.utaf.core.driver.DriverSingleton : 38 ] - Test platform is: CHROME
2022-04-05 23:53:22.201 [ main ] - [ INFO  ] [ io.github.bonigarcia.wdm.WebDriverManager : 587 ] - Using chromedriver 100.0.4896.60 (resolved driver for Chrome 100)
2022-04-05 23:53:22.237 [ main ] - [ INFO  ] [ io.github.bonigarcia.wdm.WebDriverManager : 639 ] - Exporting webdriver.chrome.driver as C:\Users\sandy_li\.cache\selenium\chromedriver\win32\100.0.4896.60\chromedriver.exe
2022-04-05 23:53:22.240 [ main ] - [ INFO  ] [ com.epam.bdd.utaf.core.utils.PropertiesReader : 42 ] - Executing scripts for CHROME on LOCAL environment...
2022-04-05 23:53:24.393 [ main ] - [ INFO  ] [ com.epam.bdd.utaf.core.driver.DriverSingleton : 52 ] - the current platform is CHROME
2022-04-05 23:53:24.539 [ main ] - [ INFO  ] [ com.epam.bdd.utaf.core.runners.UTAFTestRunner : 29 ] - setUp driver chrome
2022-04-05 23:53:25.454 [ main ] - [ INFO  ] [ com.epam.bdd.utaf.web.steps.wangyi.SignInSteps : 26 ] - Navigate to yandex website
2022-04-05 23:53:25.455 [ main ] - [ INFO  ] [ com.epam.bdd.utaf.core.utils.PropertiesReader : 42 ] - Executing scripts for CHROME on LOCAL environment...
2022-04-05 23:53:25.456 [ main ] - [ INFO  ] [ com.epam.bdd.utaf.core.base.WebBasePage : 44 ] - https://mail.yandex.com/
2022-04-05 23:53:31.430 [ main ] - [ INFO  ] [ com.epam.bdd.utaf.web.steps.wangyi.SignInSteps : 33 ] - Click signin icon
2022-04-05 23:53:36.431 [ main ] - [ INFO  ] [ com.epam.bdd.utaf.web.steps.wangyi.SignInSteps : 40 ] - Input email first
2022-04-05 23:53:36.534 [ main ] - [ INFO  ] [ com.epam.bdd.utaf.core.utils.Utils : 128 ] - Element is visible in 30 seconds on Login Page | [[ChromeDriver: chrome on WINDOWS (f7398ebd2ad472c384485fd921c71c94)] -> id: passp-field-login]
2022-04-05 23:53:37.529 [ main ] - [ INFO  ] [ com.epam.bdd.utaf.web.steps.wangyi.SignInSteps : 48 ] - Verify signed in page
2022-04-05 23:54:06.957 [ main ] - [ INFO  ] [ com.epam.bdd.utaf.web.steps.wangyi.SignInSteps : 25 ] - click Compose button
2022-04-05 23:54:12.575 [ main ] - [ INFO  ] [ com.epam.bdd.utaf.web.steps.wangyi.SignInSteps : 32 ] - Input email address
2022-04-05 23:54:12.975 [ main ] - [ INFO  ] [ com.epam.bdd.utaf.web.steps.wangyi.SignInSteps : 38 ] - Input email subject
2022-04-05 23:54:13.118 [ main ] - [ INFO  ] [ com.epam.bdd.utaf.web.steps.wangyi.SignInSteps : 43 ] - Input email text
2022-04-05 23:54:13.309 [ main ] - [ INFO  ] [ com.epam.bdd.utaf.web.steps.wangyi.SignInSteps : 48 ] - I click close button
2022-04-05 23:54:13.395 [ main ] - [ INFO  ] [ com.epam.bdd.utaf.web.steps.wangyi.DraftSteps : 22 ] - click Draft link
2022-04-05 23:54:13.671 [ main ] - [ INFO  ] [ com.epam.bdd.utaf.web.steps.wangyi.DraftSteps : 29 ] - get the email title in Draft
2022-04-05 23:54:13.694 [ main ] - [ INFO  ] [ com.epam.bdd.utaf.web.steps.wangyi.DraftSteps : 36 ] - click the send button
2022-04-05 23:54:13.709 [ main ] - [ INFO  ] [ com.epam.bdd.utaf.web.steps.wangyi.DraftSteps : 41 ] - check the email deleted from draft
2022-04-05 23:54:13.783 [ main ] - [ INFO  ] [ com.epam.bdd.utaf.web.steps.wangyi.SendEmailSteps : 21 ] - check the sent email in inbox
2022-04-05 23:54:43.810 [ main ] - [ WARN  ] [ com.epam.bdd.utaf.core.base.WebBasePage : 70 ] - org.openqa.selenium.TimeoutException: Expected condition failed: waiting for com.epam.bdd.utaf.core.base.UTAFBasePage$$Lambda$555/0x00000008010452b0@179f30b7 (tried for 30 second(s) with 500 milliseconds interval)
2022-04-05 23:55:13.854 [ main ] - [ WARN  ] [ com.epam.bdd.utaf.core.base.WebBasePage : 79 ] - org.openqa.selenium.NoSuchElementException: no such element: Unable to locate element: {"method":"xpath","selector":"//a[contains(@class,'ns-view-id-114')]"}
  (Session info: chrome=100.0.4896.75)
For documentation on this error, please visit: https://www.seleniumhq.org/exceptions/no_such_element.html
Build info: version: '3.141.59', revision: 'e82be7d358', time: '2018-11-14T08:17:03'
System info: host: 'EPCNSZUW1097', ip: '192.168.2.13', os.name: 'Windows 10', os.arch: 'amd64', os.version: '10.0', java.version: '15.0.2'
Driver info: org.openqa.selenium.chrome.ChromeDriver
Capabilities {acceptInsecureCerts: false, browserName: chrome, browserVersion: 100.0.4896.75, chrome: {chromedriverVersion: 100.0.4896.60 (6a5d10861ce8..., userDataDir: C:\Users\sandy_li\AppData\L...}, goog:chromeOptions: {debuggerAddress: localhost:57150}, javascriptEnabled: true, networkConnectionEnabled: false, pageLoadStrategy: normal, platform: WINDOWS, platformName: WINDOWS, proxy: Proxy(), setWindowRect: true, strictFileInteractability: false, timeouts: {implicit: 0, pageLoad: 300000, script: 30000}, unhandledPromptBehavior: dismiss and notify, webauthn:extension:credBlob: true, webauthn:extension:largeBlob: true, webauthn:virtualAuthenticators: true}
Session ID: f7398ebd2ad472c384485fd921c71c94
*** Element info: {Using=xpath, value=//a[contains(@class,'ns-view-id-114')]}
2022-04-05 23:55:44.717 [ main ] - [ INFO  ] [ com.epam.bdd.utaf.core.driver.DriverSingleton : 100 ] - the driver quit
2022-04-05 23:55:44.720 [ main ] - [ INFO  ] [ com.epam.bdd.utaf.core.driver.DriverSingleton : 93 ] - the appium service was stopped
2022-04-05 23:55:44.720 [ main ] - [ INFO  ] [ com.epam.bdd.utaf.core.runners.UTAFTestRunner : 37 ] - Tear down driver chrome
2022-04-05 23:58:27.022 [ main ] - [ INFO  ] [ com.epam.reportportal.service.Launch : 123 ] - Rerun: false
2022-04-05 23:58:27.799 [ main ] - [ INFO  ] [ com.epam.bdd.utaf.core.utils.PropertiesReader : 42 ] - Executing scripts for CHROME on LOCAL environment...
2022-04-05 23:58:27.807 [ main ] - [ INFO  ] [ com.epam.bdd.utaf.core.driver.DriverSingleton : 38 ] - Test platform is: CHROME
2022-04-05 23:58:27.988 [ main ] - [ INFO  ] [ io.github.bonigarcia.wdm.WebDriverManager : 587 ] - Using chromedriver 100.0.4896.60 (resolved driver for Chrome 100)
2022-04-05 23:58:28.011 [ main ] - [ INFO  ] [ io.github.bonigarcia.wdm.WebDriverManager : 639 ] - Exporting webdriver.chrome.driver as C:\Users\sandy_li\.cache\selenium\chromedriver\win32\100.0.4896.60\chromedriver.exe
2022-04-05 23:58:28.012 [ main ] - [ INFO  ] [ com.epam.bdd.utaf.core.utils.PropertiesReader : 42 ] - Executing scripts for CHROME on LOCAL environment...
2022-04-05 23:58:29.780 [ main ] - [ INFO  ] [ com.epam.bdd.utaf.core.driver.DriverSingleton : 52 ] - the current platform is CHROME
2022-04-05 23:58:29.921 [ main ] - [ INFO  ] [ com.epam.bdd.utaf.core.runners.UTAFTestRunner : 29 ] - setUp driver chrome
2022-04-05 23:58:30.545 [ main ] - [ INFO  ] [ com.epam.bdd.utaf.web.steps.wangyi.SignInSteps : 26 ] - Navigate to yandex website
2022-04-05 23:58:30.545 [ main ] - [ INFO  ] [ com.epam.bdd.utaf.core.utils.PropertiesReader : 42 ] - Executing scripts for CHROME on LOCAL environment...
2022-04-05 23:58:30.546 [ main ] - [ INFO  ] [ com.epam.bdd.utaf.core.base.WebBasePage : 44 ] - https://mail.yandex.com/
2022-04-05 23:58:36.887 [ main ] - [ INFO  ] [ com.epam.bdd.utaf.web.steps.wangyi.SignInSteps : 33 ] - Click signin icon
2022-04-05 23:58:41.443 [ main ] - [ INFO  ] [ com.epam.bdd.utaf.web.steps.wangyi.SignInSteps : 40 ] - Input email first
2022-04-05 23:58:41.545 [ main ] - [ INFO  ] [ com.epam.bdd.utaf.core.utils.Utils : 128 ] - Element is visible in 30 seconds on Login Page | [[ChromeDriver: chrome on WINDOWS (b9fb498e59e9e9f83f662b7886f5bf16)] -> id: passp-field-login]
2022-04-05 23:58:43.671 [ main ] - [ INFO  ] [ com.epam.bdd.utaf.web.steps.wangyi.SignInSteps : 48 ] - Verify signed in page
2022-04-05 23:59:13.783 [ main ] - [ INFO  ] [ com.epam.bdd.utaf.web.steps.wangyi.SignInSteps : 25 ] - click Compose button
2022-04-05 23:59:44.767 [ main ] - [ INFO  ] [ com.epam.bdd.utaf.web.steps.wangyi.SignInSteps : 32 ] - Input email address
2022-04-05 23:59:45.191 [ main ] - [ INFO  ] [ com.epam.bdd.utaf.web.steps.wangyi.SignInSteps : 38 ] - Input email subject
2022-04-05 23:59:45.326 [ main ] - [ INFO  ] [ com.epam.bdd.utaf.web.steps.wangyi.SignInSteps : 43 ] - Input email text
2022-04-05 23:59:45.503 [ main ] - [ INFO  ] [ com.epam.bdd.utaf.web.steps.wangyi.SignInSteps : 48 ] - I click close button
2022-04-05 23:59:45.591 [ main ] - [ INFO  ] [ com.epam.bdd.utaf.web.steps.wangyi.DraftSteps : 22 ] - click Draft link
2022-04-05 23:59:45.878 [ main ] - [ INFO  ] [ com.epam.bdd.utaf.web.steps.wangyi.DraftSteps : 29 ] - get the email title in Draft
2022-04-05 23:59:45.904 [ main ] - [ INFO  ] [ com.epam.bdd.utaf.web.steps.wangyi.DraftSteps : 36 ] - click the send button
2022-04-05 23:59:46.121 [ main ] - [ INFO  ] [ com.epam.bdd.utaf.web.steps.wangyi.DraftSteps : 42 ] - check the email deleted from draft
2022-04-05 23:59:46.417 [ main ] - [ INFO  ] [ com.epam.bdd.utaf.web.steps.wangyi.SendEmailSteps : 22 ] - check the sent email in inbox
